0 verbose cli /usr/local/bin/node /usr/local/bin/npm
1 info using npm@10.9.3
2 info using node@v22.19.0
3 silly config load:file:/usr/local/lib/node_modules/npm/npmrc
4 silly config load:file:/Users/jorgensjovang/App/commitment-contract/.npmrc
5 silly config load:file:/Users/jorgensjovang/.npmrc
6 silly config load:file:/Users/jorgensjovang/.npm-global/etc/npmrc
7 verbose title npm install
8 verbose argv "install"
9 verbose logfile logs-max:10 dir:/Users/jorgensjovang/App/commitment-contract/.npm-cache/_logs/2025-09-05T15_32_43_773Z-
10 verbose logfile /Users/jorgensjovang/App/commitment-contract/.npm-cache/_logs/2025-09-05T15_32_43_773Z-debug-0.log
11 silly logfile done cleaning log files
12 silly packumentCache heap:4345298944 maxSize:1086324736 maxEntrySize:543162368
13 silly idealTree buildDeps
14 silly fetch manifest @react-native-async-storage/async-storage@2.1.2
15 silly packumentCache full:https://registry.npmjs.org/@react-native-async-storage%2fasync-storage cache-miss
16 http cache https://registry.npmjs.org/@react-native-async-storage%2fasync-storage 46ms (cache hit)
17 silly packumentCache full:https://registry.npmjs.org/@react-native-async-storage%2fasync-storage set size:389782 disposed:false
18 silly fetch manifest react-native@0.79.5
19 silly packumentCache full:https://registry.npmjs.org/react-native cache-miss
20 http cache https://registry.npmjs.org/react-native 10ms (cache hit)
21 silly packumentCache full:https://registry.npmjs.org/react-native set size:14021539 disposed:false
22 silly fetch manifest @types/react@~19.0.10
23 silly packumentCache full:https://registry.npmjs.org/@types%2freact cache-miss
24 http cache https://registry.npmjs.org/@types%2freact 5ms (cache hit)
25 silly packumentCache full:https://registry.npmjs.org/@types%2freact set size:2450930 disposed:false
26 silly fetch manifest react@19.0.0
27 silly packumentCache full:https://registry.npmjs.org/react cache-miss
28 http cache https://registry.npmjs.org/react 5ms (cache hit)
29 silly packumentCache full:https://registry.npmjs.org/react set size:6017431 disposed:false
30 silly fetch manifest @stripe/stripe-react-native@0.45.0
31 silly packumentCache full:https://registry.npmjs.org/@stripe%2fstripe-react-native cache-miss
32 http cache https://registry.npmjs.org/@stripe%2fstripe-react-native 3ms (cache hit)
33 silly packumentCache full:https://registry.npmjs.org/@stripe%2fstripe-react-native set size:745648 disposed:false
34 silly fetch manifest expo@~53.0.22
35 silly packumentCache full:https://registry.npmjs.org/expo cache-miss
36 http cache https://registry.npmjs.org/expo 3ms (cache hit)
37 silly packumentCache full:https://registry.npmjs.org/expo set size:3191443 disposed:false
38 silly fetch manifest @expo/dom-webview@*
39 silly packumentCache full:https://registry.npmjs.org/@expo%2fdom-webview cache-miss
40 http cache https://registry.npmjs.org/@expo%2fdom-webview 1ms (cache hit)
41 silly packumentCache full:https://registry.npmjs.org/@expo%2fdom-webview set size:206341 disposed:false
42 silly fetch manifest @expo/metro-runtime@*
43 silly packumentCache full:https://registry.npmjs.org/@expo%2fmetro-runtime cache-miss
44 http cache https://registry.npmjs.org/@expo%2fmetro-runtime 1ms (cache hit)
45 silly packumentCache full:https://registry.npmjs.org/@expo%2fmetro-runtime set size:461617 disposed:false
46 silly fetch manifest react-native-webview@*
47 silly packumentCache full:https://registry.npmjs.org/react-native-webview cache-miss
48 http cache https://registry.npmjs.org/react-native-webview 2ms (cache hit)
49 silly packumentCache full:https://registry.npmjs.org/react-native-webview set size:1350913 disposed:false
50 silly fetch manifest expo-secure-store@~14.2.4
51 silly packumentCache full:https://registry.npmjs.org/expo-secure-store cache-miss
52 http cache https://registry.npmjs.org/expo-secure-store 3ms (cache hit)
53 silly packumentCache full:https://registry.npmjs.org/expo-secure-store set size:495276 disposed:false
54 silly fetch manifest react-native-reanimated@~3.17.4
55 silly packumentCache full:https://registry.npmjs.org/react-native-reanimated cache-miss
56 http cache https://registry.npmjs.org/react-native-reanimated 7ms (cache hit)
57 silly packumentCache full:https://registry.npmjs.org/react-native-reanimated set size:8735179 disposed:false
58 silly fetch manifest @babel/core@^7.25.2
59 silly packumentCache full:https://registry.npmjs.org/@babel%2fcore cache-miss
60 http cache https://registry.npmjs.org/@babel%2fcore 2ms (cache hit)
61 silly packumentCache full:https://registry.npmjs.org/@babel%2fcore set size:731531 disposed:false
62 silly fetch manifest react-native-safe-area-context@5.4.0
63 silly packumentCache full:https://registry.npmjs.org/react-native-safe-area-context cache-miss
64 http cache https://registry.npmjs.org/react-native-safe-area-context 1ms (cache hit)
65 silly packumentCache full:https://registry.npmjs.org/react-native-safe-area-context set size:652732 disposed:false
66 silly fetch manifest react-native-screens@~4.11.1
67 silly packumentCache full:https://registry.npmjs.org/react-native-screens cache-miss
68 http cache https://registry.npmjs.org/react-native-screens 2ms (cache hit)
69 silly packumentCache full:https://registry.npmjs.org/react-native-screens set size:1964739 disposed:false
70 silly placeDep ROOT @react-native-async-storage/async-storage@2.1.2 REPLACE for: commitment-contract@1.0.0 want: 2.1.2
71 silly placeDep ROOT @stripe/stripe-react-native@0.45.0 REPLACE for: commitment-contract@1.0.0 want: 0.45.0
72 silly placeDep ROOT expo-secure-store@14.2.4 REPLACE for: commitment-contract@1.0.0 want: ~14.2.4
73 silly placeDep ROOT react-native@0.79.5 REPLACE for: commitment-contract@1.0.0 want: 0.79.5
74 silly placeDep ROOT react-native-reanimated@3.17.5 REPLACE for: commitment-contract@1.0.0 want: ~3.17.4
75 silly placeDep ROOT react-native-safe-area-context@5.4.0 REPLACE for: commitment-contract@1.0.0 want: 5.4.0
76 silly placeDep ROOT react-native-screens@4.11.1 REPLACE for: commitment-contract@1.0.0 want: ~4.11.1
77 silly fetch manifest metro-runtime@^0.82.0
78 silly packumentCache full:https://registry.npmjs.org/metro-runtime cache-miss
79 silly fetch manifest metro-source-map@^0.82.0
80 silly packumentCache full:https://registry.npmjs.org/metro-source-map cache-miss
81 silly fetch manifest flow-enums-runtime@^0.0.6
82 silly packumentCache full:https://registry.npmjs.org/flow-enums-runtime cache-miss
83 silly fetch manifest @react-native/codegen@0.79.5
84 silly packumentCache full:https://registry.npmjs.org/@react-native%2fcodegen cache-miss
85 silly fetch manifest @react-native/js-polyfills@0.79.5
86 silly packumentCache full:https://registry.npmjs.org/@react-native%2fjs-polyfills cache-miss
87 silly fetch manifest @react-native/gradle-plugin@0.79.5
88 silly packumentCache full:https://registry.npmjs.org/@react-native%2fgradle-plugin cache-miss
89 silly fetch manifest @react-native/assets-registry@0.79.5
90 silly packumentCache full:https://registry.npmjs.org/@react-native%2fassets-registry cache-miss
91 silly fetch manifest @react-native/virtualized-lists@0.79.5
92 silly packumentCache full:https://registry.npmjs.org/@react-native%2fvirtualized-lists cache-miss
93 silly fetch manifest @react-native/community-cli-plugin@0.79.5
94 silly packumentCache full:https://registry.npmjs.org/@react-native%2fcommunity-cli-plugin cache-miss
95 http cache https://registry.npmjs.org/metro-source-map 4ms (cache hit)
96 silly packumentCache full:https://registry.npmjs.org/metro-source-map set size:399852 disposed:false
97 silly fetch manifest react-native-is-edge-to-edge@1.1.7
98 silly packumentCache full:https://registry.npmjs.org/react-native-is-edge-to-edge cache-miss
99 http cache https://registry.npmjs.org/@react-native%2fjs-polyfills 6ms (cache hit)
100 silly packumentCache full:https://registry.npmjs.org/@react-native%2fjs-polyfills set size:1398186 disposed:false
101 silly fetch manifest @babel/plugin-transform-template-literals@^7.0.0-0
102 silly packumentCache full:https://registry.npmjs.org/@babel%2fplugin-transform-template-literals cache-miss
103 http cache https://registry.npmjs.org/@react-native%2fgradle-plugin 10ms (cache hit)
104 silly packumentCache full:https://registry.npmjs.org/@react-native%2fgradle-plugin set size:1527244 disposed:false
105 http cache https://registry.npmjs.org/metro-runtime 14ms (cache hit)
106 silly packumentCache full:https://registry.npmjs.org/metro-runtime set size:191127 disposed:false
107 http cache https://registry.npmjs.org/flow-enums-runtime 15ms (cache hit)
108 silly packumentCache full:https://registry.npmjs.org/flow-enums-runtime set size:20749 disposed:false
109 http cache https://registry.npmjs.org/@react-native%2fassets-registry 16ms (cache hit)
110 silly packumentCache full:https://registry.npmjs.org/@react-native%2fassets-registry set size:1401957 disposed:false
111 http cache https://registry.npmjs.org/@react-native%2fvirtualized-lists 19ms (cache hit)
112 silly packumentCache full:https://registry.npmjs.org/@react-native%2fvirtualized-lists set size:1705983 disposed:false
113 http cache https://registry.npmjs.org/@react-native%2fcodegen 24ms (cache hit)
114 silly packumentCache full:https://registry.npmjs.org/@react-native%2fcodegen set size:2169616 disposed:false
115 http cache https://registry.npmjs.org/@react-native%2fcommunity-cli-plugin 30ms (cache hit)
116 silly packumentCache full:https://registry.npmjs.org/@react-native%2fcommunity-cli-plugin set size:1862399 disposed:false
117 http cache https://registry.npmjs.org/@babel%2fplugin-transform-template-literals 25ms (cache hit)
118 silly packumentCache full:https://registry.npmjs.org/@babel%2fplugin-transform-template-literals set size:205869 disposed:false
119 http cache https://registry.npmjs.org/react-native-is-edge-to-edge 29ms (cache hit)
120 silly packumentCache full:https://registry.npmjs.org/react-native-is-edge-to-edge set size:32440 disposed:false
121 silly fetch manifest @babel/core@*
122 silly packumentCache full:https://registry.npmjs.org/@babel%2fcore cache-hit
123 silly fetch manifest @types/react@^19.0.0
124 silly packumentCache full:https://registry.npmjs.org/@types%2freact cache-miss
125 http cache https://registry.npmjs.org/@types%2freact 2ms (cache hit)
126 silly packumentCache full:https://registry.npmjs.org/@types%2freact set size:2450930 disposed:false
127 silly fetch manifest react@^19.0.0
128 silly packumentCache full:https://registry.npmjs.org/react cache-miss
129 http cache https://registry.npmjs.org/react 4ms (cache hit)
130 silly packumentCache full:https://registry.npmjs.org/react set size:6017431 disposed:false
131 silly fetch manifest react-native@*
132 silly packumentCache full:https://registry.npmjs.org/react-native cache-miss
133 http cache https://registry.npmjs.org/react-native 11ms (cache hit)
134 silly packumentCache full:https://registry.npmjs.org/react-native set size:14021539 disposed:false
135 silly fetch manifest @react-native-community/cli@*
136 silly packumentCache full:https://registry.npmjs.org/@react-native-community%2fcli cache-miss
137 http cache https://registry.npmjs.org/@react-native-community%2fcli 5ms (cache hit)
138 silly packumentCache full:https://registry.npmjs.org/@react-native-community%2fcli set size:1013652 disposed:false
139 silly placeDep ROOT @react-native/assets-registry@0.79.5 OK for: react-native@0.79.5 want: 0.79.5
140 silly placeDep node_modules/react-native @react-native/codegen@0.79.5 OK for: react-native@0.79.5 want: 0.79.5
141 silly placeDep ROOT @react-native/community-cli-plugin@0.79.5 OK for: react-native@0.79.5 want: 0.79.5
142 silly placeDep ROOT @react-native/gradle-plugin@0.79.5 OK for: react-native@0.79.5 want: 0.79.5
143 silly placeDep ROOT @react-native/js-polyfills@0.79.5 OK for: react-native@0.79.5 want: 0.79.5
144 silly placeDep node_modules/react-native @react-native/virtualized-lists@0.79.5 CONFLICT for: react-native@0.79.5 want: 0.79.5
145 silly placeDep ROOT flow-enums-runtime@0.0.6 OK for: react-native@0.79.5 want: ^0.0.6
146 silly placeDep ROOT metro-runtime@0.82.5 OK for: react-native@0.79.5 want: ^0.82.0
147 silly placeDep ROOT metro-source-map@0.82.5 OK for: react-native@0.79.5 want: ^0.82.0
148 silly fetch manifest debug@^2.2.0
149 silly packumentCache full:https://registry.npmjs.org/debug cache-miss
150 silly fetch manifest metro@^0.82.0
151 silly packumentCache full:https://registry.npmjs.org/metro cache-miss
152 silly fetch manifest semver@^7.1.3
153 silly packumentCache full:https://registry.npmjs.org/semver cache-miss
154 silly fetch manifest metro-core@^0.82.0
155 silly packumentCache full:https://registry.npmjs.org/metro-core cache-miss
156 silly fetch manifest metro-config@^0.82.0
157 silly packumentCache full:https://registry.npmjs.org/metro-config cache-miss
158 silly fetch manifest @react-native/dev-middleware@0.79.5
159 silly packumentCache full:https://registry.npmjs.org/@react-native%2fdev-middleware cache-miss
160 silly fetch manifest ob1@0.82.5
161 silly packumentCache full:https://registry.npmjs.org/ob1 cache-miss
162 silly fetch manifest vlq@^1.0.0
163 silly packumentCache full:https://registry.npmjs.org/vlq cache-miss
164 silly fetch manifest source-map@^0.5.6
165 silly packumentCache full:https://registry.npmjs.org/source-map cache-miss
166 http cache https://registry.npmjs.org/metro-config 3ms (cache hit)
167 silly packumentCache full:https://registry.npmjs.org/metro-config set size:306790 disposed:false
168 silly fetch manifest metro-symbolicate@0.82.5
169 silly packumentCache full:https://registry.npmjs.org/metro-symbolicate cache-miss
170 http cache https://registry.npmjs.org/semver 4ms (cache hit)
171 silly packumentCache full:https://registry.npmjs.org/semver set size:224186 disposed:false
172 silly fetch manifest @babel/traverse--for-generate-function-map@npm:@babel/traverse@^7.25.3
173 silly packumentCache full:https://registry.npmjs.org/@babel%2ftraverse cache-miss
174 http cache https://registry.npmjs.org/@react-native%2fdev-middleware 6ms (cache hit)
175 silly packumentCache full:https://registry.npmjs.org/@react-native%2fdev-middleware set size:1766664 disposed:false
176 http cache https://registry.npmjs.org/metro-core 10ms (cache hit)
177 silly packumentCache full:https://registry.npmjs.org/metro-core set size:368100 disposed:false
178 http cache https://registry.npmjs.org/metro 12ms (cache hit)
179 silly packumentCache full:https://registry.npmjs.org/metro set size:687890 disposed:false
180 http cache https://registry.npmjs.org/ob1 16ms (cache hit)
181 silly packumentCache full:https://registry.npmjs.org/ob1 set size:200567 disposed:false
182 http cache https://registry.npmjs.org/debug 16ms (cache hit)
183 silly packumentCache full:https://registry.npmjs.org/debug set size:193521 disposed:false
184 http cache https://registry.npmjs.org/vlq 17ms (cache hit)
185 silly packumentCache full:https://registry.npmjs.org/vlq set size:23110 disposed:false
186 http cache https://registry.npmjs.org/source-map 18ms (cache hit)
187 silly packumentCache full:https://registry.npmjs.org/source-map set size:226090 disposed:false
188 http cache https://registry.npmjs.org/metro-symbolicate 16ms (cache hit)
189 silly packumentCache full:https://registry.npmjs.org/metro-symbolicate set size:235368 disposed:false
190 http cache https://registry.npmjs.org/@babel%2ftraverse 16ms (cache hit)
191 silly packumentCache full:https://registry.npmjs.org/@babel%2ftraverse set size:531401 disposed:false
192 silly placeDep node_modules/@react-native/community-cli-plugin @react-native/dev-middleware@0.79.5 OK for: @react-native/community-cli-plugin@0.79.5 want: 0.79.5
193 silly placeDep node_modules/@react-native/community-cli-plugin debug@2.6.9 OK for: @react-native/community-cli-plugin@0.79.5 want: ^2.2.0
194 silly placeDep ROOT metro@0.82.5 OK for: @react-native/community-cli-plugin@0.79.5 want: ^0.82.0
195 silly placeDep ROOT metro-config@0.82.5 OK for: @react-native/community-cli-plugin@0.79.5 want: ^0.82.0
196 silly placeDep ROOT metro-core@0.82.5 OK for: @react-native/community-cli-plugin@0.79.5 want: ^0.82.0
197 silly placeDep node_modules/@react-native/community-cli-plugin semver@7.7.2 OK for: @react-native/community-cli-plugin@0.79.5 want: ^7.1.3
198 silly fetch manifest ws@^6.2.3
199 silly packumentCache full:https://registry.npmjs.org/ws cache-miss
200 silly fetch manifest @react-native/debugger-frontend@0.79.5
201 silly packumentCache full:https://registry.npmjs.org/@react-native%2fdebugger-frontend cache-miss
202 silly fetch manifest ms@2.0.0
203 silly packumentCache full:https://registry.npmjs.org/ms cache-miss
204 silly fetch manifest ws@^7.5.10
205 silly packumentCache full:https://registry.npmjs.org/ws cache-miss
206 silly fetch manifest throat@^5.0.0
207 silly packumentCache full:https://registry.npmjs.org/throat cache-miss
208 silly fetch manifest ci-info@^2.0.0
209 silly packumentCache full:https://registry.npmjs.org/ci-info cache-miss
210 silly fetch manifest image-size@^1.0.2
211 silly packumentCache full:https://registry.npmjs.org/image-size cache-miss
212 silly fetch manifest metro-core@0.82.5
213 silly packumentCache full:https://registry.npmjs.org/metro-core cache-hit
214 silly fetch manifest metro-cache@0.82.5
215 silly packumentCache full:https://registry.npmjs.org/metro-cache cache-miss
216 silly fetch manifest metro-config@0.82.5
217 silly packumentCache full:https://registry.npmjs.org/metro-config cache-hit
218 silly fetch manifest hermes-parser@0.29.1
219 silly packumentCache full:https://registry.npmjs.org/hermes-parser cache-miss
220 http cache https://registry.npmjs.org/ws 3ms (cache hit)
221 silly packumentCache full:https://registry.npmjs.org/ws set size:410885 disposed:false
222 silly fetch manifest metro-file-map@0.82.5
223 silly packumentCache full:https://registry.npmjs.org/metro-file-map cache-miss
224 http cache https://registry.npmjs.org/image-size 4ms (cache hit)
225 silly packumentCache full:https://registry.npmjs.org/image-size set size:155542 disposed:false
226 silly fetch manifest metro-resolver@0.82.5
227 silly packumentCache full:https://registry.npmjs.org/metro-resolver cache-miss
228 http cache https://registry.npmjs.org/ci-info 5ms (cache hit)
229 silly packumentCache full:https://registry.npmjs.org/ci-info set size:86659 disposed:false
230 silly fetch manifest lodash.throttle@^4.1.1
231 silly packumentCache full:https://registry.npmjs.org/lodash.throttle cache-miss
232 http cache https://registry.npmjs.org/ms 6ms (cache hit)
233 silly packumentCache full:https://registry.npmjs.org/ms set size:92255 disposed:false
234 silly fetch manifest metro-cache-key@0.82.5
235 silly packumentCache full:https://registry.npmjs.org/metro-cache-key cache-miss
236 http cache https://registry.npmjs.org/hermes-parser 6ms (cache hit)
237 silly packumentCache full:https://registry.npmjs.org/hermes-parser set size:147380 disposed:false
238 silly fetch manifest serialize-error@^2.1.0
239 silly packumentCache full:https://registry.npmjs.org/serialize-error cache-miss
240 http cache https://registry.npmjs.org/@react-native%2fdebugger-frontend 9ms (cache hit)
241 silly packumentCache full:https://registry.npmjs.org/@react-native%2fdebugger-frontend set size:1428491 disposed:false
242 silly fetch manifest error-stack-parser@^2.0.6
243 silly packumentCache full:https://registry.npmjs.org/error-stack-parser cache-miss
244 http cache https://registry.npmjs.org/throat 11ms (cache hit)
245 silly packumentCache full:https://registry.npmjs.org/throat set size:31052 disposed:false
246 silly fetch manifest metro-transform-worker@0.82.5
247 silly packumentCache full:https://registry.npmjs.org/metro-transform-worker cache-miss
248 http cache https://registry.npmjs.org/metro-cache 12ms (cache hit)
249 silly packumentCache full:https://registry.npmjs.org/metro-cache set size:347861 disposed:false
250 silly fetch manifest metro-babel-transformer@0.82.5
251 silly packumentCache full:https://registry.npmjs.org/metro-babel-transformer cache-miss
252 http cache https://registry.npmjs.org/ws 13ms (cache hit)
253 silly packumentCache full:https://registry.npmjs.org/ws set size:410885 disposed:false
254 silly packumentCache full:https://registry.npmjs.org/ws dispose
255 silly fetch manifest metro-transform-plugins@0.82.5
256 silly packumentCache full:https://registry.npmjs.org/metro-transform-plugins cache-miss
257 http cache https://registry.npmjs.org/metro-resolver 11ms (cache hit)
258 silly packumentCache full:https://registry.npmjs.org/metro-resolver set size:336702 disposed:false
259 silly fetch manifest cosmiconfig@^5.0.5
260 silly packumentCache full:https://registry.npmjs.org/cosmiconfig cache-miss
261 http cache https://registry.npmjs.org/metro-file-map 14ms (cache hit)
262 silly packumentCache full:https://registry.npmjs.org/metro-file-map set size:164290 disposed:false
263 silly fetch manifest jest-validate@^29.7.0
264 silly packumentCache full:https://registry.npmjs.org/jest-validate cache-miss
265 http cache https://registry.npmjs.org/serialize-error 13ms (cache hit)
266 silly packumentCache full:https://registry.npmjs.org/serialize-error set size:59780 disposed:false
267 silly fetch manifest lodash.throttle@^4.1.1
268 silly packumentCache full:https://registry.npmjs.org/lodash.throttle cache-miss
269 http cache https://registry.npmjs.org/lodash.throttle 14ms (cache hit)
270 silly packumentCache full:https://registry.npmjs.org/lodash.throttle set size:32799 disposed:false
271 http cache https://registry.npmjs.org/error-stack-parser 8ms (cache hit)
272 silly packumentCache full:https://registry.npmjs.org/error-stack-parser set size:89379 disposed:false
273 http cache https://registry.npmjs.org/metro-transform-worker 8ms (cache hit)
274 silly packumentCache full:https://registry.npmjs.org/metro-transform-worker set size:228426 disposed:false
275 http cache https://registry.npmjs.org/metro-babel-transformer 7ms (cache hit)
276 silly packumentCache full:https://registry.npmjs.org/metro-babel-transformer set size:233910 disposed:false
277 http cache https://registry.npmjs.org/metro-transform-plugins 6ms (cache hit)
278 silly packumentCache full:https://registry.npmjs.org/metro-transform-plugins set size:219596 disposed:false
279 http cache https://registry.npmjs.org/metro-cache-key 16ms (cache hit)
280 silly packumentCache full:https://registry.npmjs.org/metro-cache-key set size:178352 disposed:false
281 http cache https://registry.npmjs.org/lodash.throttle 4ms (cache hit)
282 silly packumentCache full:https://registry.npmjs.org/lodash.throttle set size:32799 disposed:false
283 silly packumentCache full:https://registry.npmjs.org/lodash.throttle dispose
284 http cache https://registry.npmjs.org/cosmiconfig 8ms (cache hit)
285 silly packumentCache full:https://registry.npmjs.org/cosmiconfig set size:275399 disposed:false
286 http cache https://registry.npmjs.org/jest-validate 8ms (cache hit)
287 silly packumentCache full:https://registry.npmjs.org/jest-validate set size:560326 disposed:false
288 silly fetch manifest bufferutil@^4.0.1
289 silly packumentCache full:https://registry.npmjs.org/bufferutil cache-miss
290 http cache https://registry.npmjs.org/bufferutil 0ms (cache hit)
291 silly packumentCache full:https://registry.npmjs.org/bufferutil set size:51033 disposed:false
292 silly fetch manifest utf-8-validate@^5.0.2
293 silly packumentCache full:https://registry.npmjs.org/utf-8-validate cache-miss
294 http cache https://registry.npmjs.org/utf-8-validate 0ms (cache hit)
295 silly packumentCache full:https://registry.npmjs.org/utf-8-validate set size:75205 disposed:false
296 silly placeDep node_modules/metro ci-info@2.0.0 OK for: metro@0.82.5 want: ^2.0.0
297 silly placeDep ROOT error-stack-parser@2.1.4 OK for: metro@0.82.5 want: ^2.0.6
298 silly placeDep node_modules/metro hermes-parser@0.29.1 OK for: metro@0.82.5 want: 0.29.1
299 silly placeDep ROOT image-size@1.2.1 OK for: metro@0.82.5 want: ^1.0.2
300 silly placeDep ROOT lodash.throttle@4.1.1 OK for: metro@0.82.5 want: ^4.1.1
301 silly placeDep ROOT metro-babel-transformer@0.82.5 OK for: metro@0.82.5 want: 0.82.5
302 silly placeDep ROOT metro-cache@0.82.5 OK for: metro@0.82.5 want: 0.82.5
303 silly placeDep ROOT metro-cache-key@0.82.5 OK for: metro@0.82.5 want: 0.82.5
304 silly placeDep ROOT metro-file-map@0.82.5 OK for: metro@0.82.5 want: 0.82.5
305 silly placeDep ROOT metro-resolver@0.82.5 OK for: metro@0.82.5 want: 0.82.5
306 silly placeDep ROOT metro-symbolicate@0.82.5 OK for: metro@0.82.5 want: 0.82.5
307 silly placeDep ROOT metro-transform-plugins@0.82.5 OK for: metro@0.82.5 want: 0.82.5
308 silly placeDep ROOT metro-transform-worker@0.82.5 OK for: metro@0.82.5 want: 0.82.5
309 silly placeDep ROOT serialize-error@2.1.0 OK for: metro@0.82.5 want: ^2.1.0
310 silly placeDep ROOT source-map@0.5.7 OK for: metro@0.82.5 want: ^0.5.6
311 silly placeDep ROOT throat@5.0.0 OK for: metro@0.82.5 want: ^5.0.0
312 silly placeDep node_modules/metro ws@7.5.10 OK for: metro@0.82.5 want: ^7.5.10
313 silly fetch manifest stackframe@^1.3.4
314 silly packumentCache full:https://registry.npmjs.org/stackframe cache-miss
315 silly fetch manifest hermes-estree@0.29.1
316 silly packumentCache full:https://registry.npmjs.org/hermes-estree cache-miss
317 silly fetch manifest queue@6.0.2
318 silly packumentCache full:https://registry.npmjs.org/queue cache-miss
319 silly fetch manifest https-proxy-agent@^7.0.5
320 silly packumentCache full:https://registry.npmjs.org/https-proxy-agent cache-miss
321 silly fetch manifest exponential-backoff@^3.1.1
322 silly packumentCache full:https://registry.npmjs.org/exponential-backoff cache-miss
323 silly fetch manifest metro-minify-terser@0.82.5
324 silly packumentCache full:https://registry.npmjs.org/metro-minify-terser cache-miss
325 http cache https://registry.npmjs.org/stackframe 2ms (cache hit)
326 silly packumentCache full:https://registry.npmjs.org/stackframe set size:54134 disposed:false
327 http cache https://registry.npmjs.org/metro-minify-terser 1ms (cache hit)
328 silly packumentCache full:https://registry.npmjs.org/metro-minify-terser set size:244898 disposed:false
329 http cache https://registry.npmjs.org/queue 3ms (cache hit)
330 silly packumentCache full:https://registry.npmjs.org/queue set size:76287 disposed:false
331 http cache https://registry.npmjs.org/exponential-backoff 3ms (cache hit)
332 silly packumentCache full:https://registry.npmjs.org/exponential-backoff set size:53669 disposed:false
333 http cache https://registry.npmjs.org/https-proxy-agent 4ms (cache hit)
334 silly packumentCache full:https://registry.npmjs.org/https-proxy-agent set size:76222 disposed:false
335 http cache https://registry.npmjs.org/hermes-estree 4ms (cache hit)
336 silly packumentCache full:https://registry.npmjs.org/hermes-estree set size:109979 disposed:false
337 silly placeDep ROOT stackframe@1.3.4 OK for: error-stack-parser@2.1.4 want: ^1.3.4
338 silly placeDep ROOT queue@6.0.2 OK for: image-size@1.2.1 want: 6.0.2
339 silly placeDep node_modules/metro-babel-transformer hermes-parser@0.29.1 OK for: metro-babel-transformer@0.82.5 want: 0.29.1
340 silly placeDep ROOT exponential-backoff@3.1.2 OK for: metro-cache@0.82.5 want: ^3.1.1
341 silly placeDep ROOT https-proxy-agent@7.0.6 OK for: metro-cache@0.82.5 want: ^7.0.5
342 silly fetch manifest agent-base@^7.1.2
343 silly packumentCache full:https://registry.npmjs.org/agent-base cache-miss
344 http cache https://registry.npmjs.org/agent-base 1ms (cache hit)
345 silly packumentCache full:https://registry.npmjs.org/agent-base set size:67460 disposed:false
346 silly placeDep ROOT agent-base@7.1.4 OK for: https-proxy-agent@7.0.6 want: ^7.1.2
347 silly placeDep ROOT cosmiconfig@5.2.1 OK for: metro-config@0.82.5 want: ^5.0.5
348 silly placeDep ROOT jest-validate@29.7.0 OK for: metro-config@0.82.5 want: ^29.7.0
349 silly fetch manifest import-fresh@^2.0.0
350 silly packumentCache full:https://registry.npmjs.org/import-fresh cache-miss
351 silly fetch manifest is-directory@^0.3.1
352 silly packumentCache full:https://registry.npmjs.org/is-directory cache-miss
353 silly fetch manifest js-yaml@^3.13.1
354 silly packumentCache full:https://registry.npmjs.org/js-yaml cache-miss
355 silly fetch manifest parse-json@^4.0.0
356 silly packumentCache full:https://registry.npmjs.org/parse-json cache-miss
357 silly fetch manifest leven@^3.1.0
358 silly packumentCache full:https://registry.npmjs.org/leven cache-miss
359 silly fetch manifest camelcase@^6.2.0
360 silly packumentCache full:https://registry.npmjs.org/camelcase cache-miss
361 silly fetch manifest jest-get-type@^29.6.3
362 silly packumentCache full:https://registry.npmjs.org/jest-get-type cache-miss
363 http cache https://registry.npmjs.org/parse-json 1ms (cache hit)
364 silly packumentCache full:https://registry.npmjs.org/parse-json set size:48198 disposed:false
365 http cache https://registry.npmjs.org/camelcase 2ms (cache hit)
366 silly packumentCache full:https://registry.npmjs.org/camelcase set size:57059 disposed:false
367 http cache https://registry.npmjs.org/import-fresh 2ms (cache hit)
368 silly packumentCache full:https://registry.npmjs.org/import-fresh set size:21461 disposed:false
369 http cache https://registry.npmjs.org/leven 2ms (cache hit)
370 silly packumentCache full:https://registry.npmjs.org/leven set size:19995 disposed:false
371 http cache https://registry.npmjs.org/js-yaml 2ms (cache hit)
372 silly packumentCache full:https://registry.npmjs.org/js-yaml set size:145975 disposed:false
373 http cache https://registry.npmjs.org/is-directory 3ms (cache hit)
374 silly packumentCache full:https://registry.npmjs.org/is-directory set size:15926 disposed:false
375 http cache https://registry.npmjs.org/jest-get-type 3ms (cache hit)
376 silly packumentCache full:https://registry.npmjs.org/jest-get-type set size:201170 disposed:false
377 silly placeDep ROOT import-fresh@2.0.0 OK for: cosmiconfig@5.2.1 want: ^2.0.0
378 silly placeDep ROOT is-directory@0.3.1 OK for: cosmiconfig@5.2.1 want: ^0.3.1
379 silly placeDep node_modules/cosmiconfig js-yaml@3.14.1 OK for: cosmiconfig@5.2.1 want: ^3.13.1
380 silly placeDep ROOT parse-json@4.0.0 OK for: cosmiconfig@5.2.1 want: ^4.0.0
381 silly fetch manifest caller-path@^2.0.0
382 silly packumentCache full:https://registry.npmjs.org/caller-path cache-miss
383 silly fetch manifest resolve-from@^3.0.0
384 silly packumentCache full:https://registry.npmjs.org/resolve-from cache-miss
385 silly fetch manifest argparse@^1.0.7
386 silly packumentCache full:https://registry.npmjs.org/argparse cache-miss
387 silly fetch manifest error-ex@^1.3.1
388 silly packumentCache full:https://registry.npmjs.org/error-ex cache-miss
389 silly fetch manifest json-parse-better-errors@^1.0.1
390 silly packumentCache full:https://registry.npmjs.org/json-parse-better-errors cache-miss
391 http cache https://registry.npmjs.org/error-ex 2ms (cache hit)
392 silly packumentCache full:https://registry.npmjs.org/error-ex set size:29963 disposed:false
393 http cache https://registry.npmjs.org/resolve-from 2ms (cache hit)
394 silly packumentCache full:https://registry.npmjs.org/resolve-from set size:12911 disposed:false
395 http cache https://registry.npmjs.org/argparse 2ms (cache hit)
396 silly packumentCache full:https://registry.npmjs.org/argparse set size:49266 disposed:false
397 http cache https://registry.npmjs.org/json-parse-better-errors 2ms (cache hit)
398 silly packumentCache full:https://registry.npmjs.org/json-parse-better-errors set size:9157 disposed:false
399 http cache https://registry.npmjs.org/caller-path 3ms (cache hit)
400 silly packumentCache full:https://registry.npmjs.org/caller-path set size:15125 disposed:false
401 silly placeDep ROOT caller-path@2.0.0 OK for: import-fresh@2.0.0 want: ^2.0.0
402 silly placeDep node_modules/import-fresh resolve-from@3.0.0 OK for: import-fresh@2.0.0 want: ^3.0.0
403 silly fetch manifest caller-callsite@^2.0.0
404 silly packumentCache full:https://registry.npmjs.org/caller-callsite cache-miss
405 http cache https://registry.npmjs.org/caller-callsite 1ms (cache hit)
406 silly packumentCache full:https://registry.npmjs.org/caller-callsite set size:18150 disposed:false
407 silly placeDep ROOT caller-callsite@2.0.0 OK for: caller-path@2.0.0 want: ^2.0.0
408 silly fetch manifest callsites@^2.0.0
409 silly packumentCache full:https://registry.npmjs.org/callsites cache-miss
410 http cache https://registry.npmjs.org/callsites 0ms (cache hit)
411 silly packumentCache full:https://registry.npmjs.org/callsites set size:21349 disposed:false
412 silly placeDep ROOT callsites@2.0.0 OK for: caller-callsite@2.0.0 want: ^2.0.0
413 silly placeDep node_modules/jest-validate camelcase@6.3.0 OK for: jest-validate@29.7.0 want: ^6.2.0
414 silly placeDep ROOT jest-get-type@29.6.3 OK for: jest-validate@29.7.0 want: ^29.6.3
415 silly placeDep ROOT leven@3.1.0 OK for: jest-validate@29.7.0 want: ^3.1.0
416 silly placeDep ROOT @babel/traverse--for-generate-function-map@7.28.4 OK for: metro-source-map@0.82.5 want: npm:@babel/traverse@^7.25.3
417 silly placeDep ROOT ob1@0.82.5 OK for: metro-source-map@0.82.5 want: 0.82.5
418 silly placeDep ROOT vlq@1.0.1 OK for: metro-source-map@0.82.5 want: ^1.0.0
419 silly placeDep ROOT metro-minify-terser@0.82.5 OK for: metro-transform-worker@0.82.5 want: 0.82.5
420 silly fetch manifest terser@^5.15.0
421 silly packumentCache full:https://registry.npmjs.org/terser cache-miss
422 http cache https://registry.npmjs.org/terser 0ms (cache hit)
423 silly packumentCache full:https://registry.npmjs.org/terser set size:776798 disposed:false
424 silly placeDep ROOT terser@5.44.0 OK for: metro-minify-terser@0.82.5 want: ^5.15.0
425 silly fetch manifest @jridgewell/source-map@^0.3.3
426 silly packumentCache full:https://registry.npmjs.org/@jridgewell%2fsource-map cache-miss
427 silly fetch manifest acorn@^8.15.0
428 silly packumentCache full:https://registry.npmjs.org/acorn cache-miss
429 silly fetch manifest commander@^2.20.0
430 silly packumentCache full:https://registry.npmjs.org/commander cache-miss
431 http cache https://registry.npmjs.org/@jridgewell%2fsource-map 2ms (cache hit)
432 silly packumentCache full:https://registry.npmjs.org/@jridgewell%2fsource-map set size:45204 disposed:false
433 http cache https://registry.npmjs.org/acorn 2ms (cache hit)
434 silly packumentCache full:https://registry.npmjs.org/acorn set size:377362 disposed:false
435 http cache https://registry.npmjs.org/commander 4ms (cache hit)
436 silly packumentCache full:https://registry.npmjs.org/commander set size:339973 disposed:false
437 silly placeDep ROOT error-ex@1.3.2 OK for: parse-json@4.0.0 want: ^1.3.1
438 silly placeDep ROOT json-parse-better-errors@1.0.2 OK for: parse-json@4.0.0 want: ^1.0.1
439 silly fetch manifest is-arrayish@^0.2.1
440 silly packumentCache full:https://registry.npmjs.org/is-arrayish cache-miss
441 http cache https://registry.npmjs.org/is-arrayish 1ms (cache hit)
442 silly packumentCache full:https://registry.npmjs.org/is-arrayish set size:13422 disposed:false
443 silly placeDep ROOT is-arrayish@0.2.1 OK for: error-ex@1.3.2 want: ^0.2.1
444 silly fetch manifest react@*
445 silly packumentCache full:https://registry.npmjs.org/react cache-miss
446 http cache https://registry.npmjs.org/react 4ms (cache hit)
447 silly packumentCache full:https://registry.npmjs.org/react set size:6017431 disposed:false
448 silly fetch manifest @types/react@^19.1.0
449 silly packumentCache full:https://registry.npmjs.org/@types%2freact cache-miss
450 http cache https://registry.npmjs.org/@types%2freact 4ms (cache hit)
451 silly packumentCache full:https://registry.npmjs.org/@types%2freact set size:2450930 disposed:false
452 silly fetch manifest @babel/core@^7.0.0-0
453 silly packumentCache full:https://registry.npmjs.org/@babel%2fcore cache-hit
454 silly placeDep ROOT @babel/plugin-transform-template-literals@7.27.1 OK for: react-native-reanimated@3.17.5 want: ^7.0.0-0
455 silly placeDep node_modules/react-native-reanimated react-native-is-edge-to-edge@1.1.7 OK for: react-native-reanimated@3.17.5 want: 1.1.7
456 silly placeDep ROOT @jridgewell/source-map@0.3.11 OK for: terser@5.44.0 want: ^0.3.3
457 silly placeDep ROOT acorn@8.15.0 OK for: terser@5.44.0 want: ^8.15.0
458 silly placeDep node_modules/terser commander@2.20.3 OK for: terser@5.44.0 want: ^2.20.0
459 silly placeDep node_modules/@react-native/community-cli-plugin @react-native/debugger-frontend@0.79.5 OK for: @react-native/dev-middleware@0.79.5 want: 0.79.5
460 silly placeDep node_modules/@react-native/community-cli-plugin ws@6.2.3 OK for: @react-native/dev-middleware@0.79.5 want: ^6.2.3
461 silly placeDep node_modules/@react-native/community-cli-plugin ms@2.0.0 OK for: debug@2.6.9 want: 2.0.0
462 silly placeDep node_modules/cosmiconfig argparse@1.0.10 OK for: js-yaml@3.14.1 want: ^1.0.7
463 silly placeDep node_modules/metro-babel-transformer hermes-estree@0.29.1 OK for: hermes-parser@0.29.1 want: 0.29.1
464 silly placeDep node_modules/metro hermes-estree@0.29.1 OK for: hermes-parser@0.29.1 want: 0.29.1
465 silly reify mark retired [
465 silly reify   '/Users/jorgensjovang/App/commitment-contract/node_modules/@react-native-async-storage/async-storage'
465 silly reify ]
466 silly reify mark retired [
466 silly reify   '/Users/jorgensjovang/App/commitment-contract/node_modules/@react-native/assets-registry'
466 silly reify ]
467 silly reify mark retired [
467 silly reify   '/Users/jorgensjovang/App/commitment-contract/node_modules/@react-native/community-cli-plugin'
467 silly reify ]
468 silly reify mark retired [
468 silly reify   '/Users/jorgensjovang/App/commitment-contract/node_modules/@react-native/gradle-plugin'
468 silly reify ]
469 silly reify mark retired [
469 silly reify   '/Users/jorgensjovang/App/commitment-contract/node_modules/@react-native/js-polyfills'
469 silly reify ]
470 silly reify mark retired [
470 silly reify   '/Users/jorgensjovang/App/commitment-contract/node_modules/@stripe/stripe-react-native'
470 silly reify ]
471 silly reify mark retired [
471 silly reify   '/Users/jorgensjovang/App/commitment-contract/node_modules/expo-secure-store'
471 silly reify ]
472 silly reify mark retired [
472 silly reify   '/Users/jorgensjovang/App/commitment-contract/node_modules/react-native',
472 silly reify   '/Users/jorgensjovang/App/commitment-contract/node_modules/.bin/react-native'
472 silly reify ]
473 silly reify mark retired [
473 silly reify   '/Users/jorgensjovang/App/commitment-contract/node_modules/react-native-reanimated'
473 silly reify ]
474 silly reify mark retired [
474 silly reify   '/Users/jorgensjovang/App/commitment-contract/node_modules/react-native-safe-area-context'
474 silly reify ]
475 silly reify mark retired [
475 silly reify   '/Users/jorgensjovang/App/commitment-contract/node_modules/react-native-screens'
475 silly reify ]
476 silly reify mark retired [
476 silly reify   '/Users/jorgensjovang/App/commitment-contract/node_modules/react-native-worklets'
476 silly reify ]
477 silly reify moves {
477 silly reify   '/Users/jorgensjovang/App/commitment-contract/node_modules/@react-native-async-storage/async-storage': '/Users/jorgensjovang/App/commitment-contract/node_modules/@react-native-async-storage/.async-storage-FUfABHHQ',
477 silly reify   '/Users/jorgensjovang/App/commitment-contract/node_modules/@react-native/assets-registry': '/Users/jorgensjovang/App/commitment-contract/node_modules/@react-native/.assets-registry-tWKhBFb0',
477 silly reify   '/Users/jorgensjovang/App/commitment-contract/node_modules/@react-native/community-cli-plugin': '/Users/jorgensjovang/App/commitment-contract/node_modules/@react-native/.community-cli-plugin-qd6JlktF',
477 silly reify   '/Users/jorgensjovang/App/commitment-contract/node_modules/@react-native/gradle-plugin': '/Users/jorgensjovang/App/commitment-contract/node_modules/@react-native/.gradle-plugin-RYBI2e7v',
477 silly reify   '/Users/jorgensjovang/App/commitment-contract/node_modules/@react-native/js-polyfills': '/Users/jorgensjovang/App/commitment-contract/node_modules/@react-native/.js-polyfills-hOlrWOlo',
477 silly reify   '/Users/jorgensjovang/App/commitment-contract/node_modules/@stripe/stripe-react-native': '/Users/jorgensjovang/App/commitment-contract/node_modules/@stripe/.stripe-react-native-qazLuPAJ',
477 silly reify   '/Users/jorgensjovang/App/commitment-contract/node_modules/expo-secure-store': '/Users/jorgensjovang/App/commitment-contract/node_modules/.expo-secure-store-HTvXfNOC',
477 silly reify   '/Users/jorgensjovang/App/commitment-contract/node_modules/react-native': '/Users/jorgensjovang/App/commitment-contract/node_modules/.react-native-vqzryUIx',
477 silly reify   '/Users/jorgensjovang/App/commitment-contract/node_modules/.bin/react-native': '/Users/jorgensjovang/App/commitment-contract/node_modules/.bin/.react-native-kLKgvsAb',
477 silly reify   '/Users/jorgensjovang/App/commitment-contract/node_modules/react-native-reanimated': '/Users/jorgensjovang/App/commitment-contract/node_modules/.react-native-reanimated-bGA1a7Yp',
477 silly reify   '/Users/jorgensjovang/App/commitment-contract/node_modules/react-native-safe-area-context': '/Users/jorgensjovang/App/commitment-contract/node_modules/.react-native-safe-area-context-GlWmiktE',
477 silly reify   '/Users/jorgensjovang/App/commitment-contract/node_modules/react-native-screens': '/Users/jorgensjovang/App/commitment-contract/node_modules/.react-native-screens-qixBM8sS',
477 silly reify   '/Users/jorgensjovang/App/commitment-contract/node_modules/react-native-worklets': '/Users/jorgensjovang/App/commitment-contract/node_modules/.react-native-worklets-KcURXeDe'
477 silly reify }
478 silly audit bulk request {
478 silly audit   '@0no-co/graphql.web': [ '1.2.0' ],
478 silly audit   '@babel/code-frame': [ '7.27.1', '7.10.4' ],
478 silly audit   '@babel/compat-data': [ '7.28.4' ],
478 silly audit   '@babel/core': [ '7.28.4' ],
478 silly audit   '@babel/generator': [ '7.28.3' ],
478 silly audit   '@babel/helper-annotate-as-pure': [ '7.27.3' ],
478 silly audit   '@babel/helper-compilation-targets': [ '7.27.2' ],
478 silly audit   '@babel/helper-create-class-features-plugin': [ '7.28.3' ],
478 silly audit   '@babel/helper-create-regexp-features-plugin': [ '7.27.1' ],
478 silly audit   '@babel/helper-define-polyfill-provider': [ '0.6.5' ],
478 silly audit   '@babel/helper-globals': [ '7.28.0' ],
478 silly audit   '@babel/helper-member-expression-to-functions': [ '7.27.1' ],
478 silly audit   '@babel/helper-module-imports': [ '7.27.1' ],
478 silly audit   '@babel/helper-module-transforms': [ '7.28.3' ],
478 silly audit   '@babel/helper-optimise-call-expression': [ '7.27.1' ],
478 silly audit   '@babel/helper-plugin-utils': [ '7.27.1' ],
478 silly audit   '@babel/helper-remap-async-to-generator': [ '7.27.1' ],
478 silly audit   '@babel/helper-replace-supers': [ '7.27.1' ],
478 silly audit   '@babel/helper-skip-transparent-expression-wrappers': [ '7.27.1' ],
478 silly audit   '@babel/helper-string-parser': [ '7.27.1' ],
478 silly audit   '@babel/helper-validator-identifier': [ '7.27.1' ],
478 silly audit   '@babel/helper-validator-option': [ '7.27.1' ],
478 silly audit   '@babel/helper-wrap-function': [ '7.28.3' ],
478 silly audit   '@babel/helpers': [ '7.28.4' ],
478 silly audit   '@babel/highlight': [ '7.25.9' ],
478 silly audit   'ansi-styles': [ '3.2.1', '6.2.1', '4.3.0', '5.2.0' ],
478 silly audit   chalk: [ '2.4.2', '4.1.2' ],
478 silly audit   'color-convert': [ '1.9.3', '2.0.1' ],
478 silly audit   'color-name': [ '1.1.3', '1.1.4' ],
478 silly audit   'escape-string-regexp': [ '1.0.5', '4.0.0', '2.0.0' ],
478 silly audit   'has-flag': [ '3.0.0', '4.0.0' ],
478 silly audit   'supports-color': [ '5.5.0', '8.1.1', '7.2.0' ],
478 silly audit   '@babel/parser': [ '7.28.4' ],
478 silly audit   '@babel/plugin-proposal-decorators': [ '7.28.0' ],
478 silly audit   '@babel/plugin-proposal-export-default-from': [ '7.27.1' ],
478 silly audit   '@babel/plugin-syntax-async-generators': [ '7.8.4' ],
478 silly audit   '@babel/plugin-syntax-bigint': [ '7.8.3' ],
478 silly audit   '@babel/plugin-syntax-class-properties': [ '7.12.13' ],
478 silly audit   '@babel/plugin-syntax-class-static-block': [ '7.14.5' ],
478 silly audit   '@babel/plugin-syntax-decorators': [ '7.27.1' ],
478 silly audit   '@babel/plugin-syntax-dynamic-import': [ '7.8.3' ],
478 silly audit   '@babel/plugin-syntax-export-default-from': [ '7.27.1' ],
478 silly audit   '@babel/plugin-syntax-flow': [ '7.27.1' ],
478 silly audit   '@babel/plugin-syntax-import-attributes': [ '7.27.1' ],
478 silly audit   '@babel/plugin-syntax-import-meta': [ '7.10.4' ],
478 silly audit   '@babel/plugin-syntax-json-strings': [ '7.8.3' ],
478 silly audit   '@babel/plugin-syntax-jsx': [ '7.27.1' ],
478 silly audit   '@babel/plugin-syntax-logical-assignment-operators': [ '7.10.4' ],
478 silly audit   '@babel/plugin-syntax-nullish-coalescing-operator': [ '7.8.3' ],
478 silly audit   '@babel/plugin-syntax-numeric-separator': [ '7.10.4' ],
478 silly audit   '@babel/plugin-syntax-object-rest-spread': [ '7.8.3' ],
478 silly audit   '@babel/plugin-syntax-optional-catch-binding': [ '7.8.3' ],
478 silly audit   '@babel/plugin-syntax-optional-chaining': [ '7.8.3' ],
478 silly audit   '@babel/plugin-syntax-private-property-in-object': [ '7.14.5' ],
478 silly audit   '@babel/plugin-syntax-top-level-await': [ '7.14.5' ],
478 silly audit   '@babel/plugin-syntax-typescript': [ '7.27.1' ],
478 silly audit   '@babel/plugin-transform-arrow-functions': [ '7.27.1' ],
478 silly audit   '@babel/plugin-transform-async-generator-functions': [ '7.28.0' ],
478 silly audit   '@babel/plugin-transform-async-to-generator': [ '7.27.1' ],
478 silly audit   '@babel/plugin-transform-block-scoping': [ '7.28.4' ],
478 silly audit   '@babel/plugin-transform-class-properties': [ '7.27.1' ],
478 silly audit   '@babel/plugin-transform-classes': [ '7.28.4' ],
478 silly audit   '@babel/plugin-transform-computed-properties': [ '7.27.1' ],
478 silly audit   '@babel/plugin-transform-destructuring': [ '7.28.0' ],
478 silly audit   '@babel/plugin-transform-export-namespace-from': [ '7.27.1' ],
478 silly audit   '@babel/plugin-transform-flow-strip-types': [ '7.27.1' ],
478 silly audit   '@babel/plugin-transform-for-of': [ '7.27.1' ],
478 silly audit   '@babel/plugin-transform-function-name': [ '7.27.1' ],
478 silly audit   '@babel/plugin-transform-literals': [ '7.27.1' ],
478 silly audit   '@babel/plugin-transform-logical-assignment-operators': [ '7.27.1' ],
478 silly audit   '@babel/plugin-transform-modules-commonjs': [ '7.27.1' ],
478 silly audit   '@babel/plugin-transform-named-capturing-groups-regex': [ '7.27.1' ],
478 silly audit   '@babel/plugin-transform-nullish-coalescing-operator': [ '7.27.1' ],
478 silly audit   '@babel/plugin-transform-numeric-separator': [ '7.27.1' ],
478 silly audit   '@babel/plugin-transform-object-rest-spread': [ '7.28.4' ],
478 silly audit   '@babel/plugin-transform-optional-catch-binding': [ '7.27.1' ],
478 silly audit   '@babel/plugin-transform-optional-chaining': [ '7.27.1' ],
478 silly audit   '@babel/plugin-transform-parameters': [ '7.27.7' ],
478 silly audit   '@babel/plugin-transform-private-methods': [ '7.27.1' ],
478 silly audit   '@babel/plugin-transform-private-property-in-object': [ '7.27.1' ],
478 silly audit   '@babel/plugin-transform-react-display-name': [ '7.28.0' ],
478 silly audit   '@babel/plugin-transform-react-jsx': [ '7.27.1' ],
478 silly audit   '@babel/plugin-transform-react-jsx-development': [ '7.27.1' ],
478 silly audit   '@babel/plugin-transform-react-jsx-self': [ '7.27.1' ],
478 silly audit   '@babel/plugin-transform-react-jsx-source': [ '7.27.1' ],
478 silly audit   '@babel/plugin-transform-react-pure-annotations': [ '7.27.1' ],
478 silly audit   '@babel/plugin-transform-regenerator': [ '7.28.4' ],
478 silly audit   '@babel/plugin-transform-runtime': [ '7.28.3' ],
478 silly audit   '@babel/plugin-transform-shorthand-properties': [ '7.27.1' ],
478 silly audit   '@babel/plugin-transform-spread': [ '7.27.1' ],
478 silly audit   '@babel/plugin-transform-sticky-regex': [ '7.27.1' ],
478 silly audit   '@babel/plugin-transform-typescript': [ '7.28.0' ],
478 silly audit   '@babel/plugin-transform-unicode-regex': [ '7.27.1' ],
478 silly audit   '@babel/preset-react': [ '7.27.1' ],
478 silly audit   '@babel/preset-typescript': [ '7.27.1' ],
478 silly audit   '@babel/runtime': [ '7.28.4' ],
478 silly audit   '@babel/template': [ '7.27.2' ],
478 silly audit   '@babel/traverse': [ '7.28.4' ],
478 silly audit   '@babel/types': [ '7.28.4' ],
478 silly audit   '@expo/cli': [ '0.24.21' ],
478 silly audit   semver: [ '7.7.2', '6.3.1' ],
478 silly audit   '@expo/code-signing-certificates': [ '0.0.5' ],
478 silly audit   '@expo/config': [ '11.0.13' ],
478 silly audit   '@expo/config-plugins': [ '10.1.2' ],
478 silly audit   '@expo/config-types': [ '53.0.5' ],
478 silly audit   '@expo/devcert': [ '1.2.0' ],
478 silly audit   debug: [ '3.2.7', '2.6.9', '4.4.1' ],
478 silly audit   '@expo/env': [ '1.0.7' ],
478 silly audit   '@expo/fingerprint': [ '0.13.4' ],
478 silly audit   '@expo/image-utils': [ '0.7.6' ],
478 silly audit   '@expo/json-file': [ '9.1.5' ],
478 silly audit   '@expo/metro-config': [ '0.20.17' ],
478 silly audit   '@expo/osascript': [ '2.2.5' ],
478 silly audit   '@expo/package-manager': [ '1.8.6' ],
478 silly audit   '@expo/plist': [ '0.3.5' ],
478 silly audit   '@expo/prebuild-config': [ '9.0.11' ],
478 silly audit   '@expo/schema-utils': [ '0.1.0' ],
478 silly audit   '@expo/sdk-runtime-versions': [ '1.0.0' ],
478 silly audit   '@expo/spawn-async': [ '1.7.2' ],
478 silly audit   '@expo/sudo-prompt': [ '9.3.2' ],
478 silly audit   '@expo/vector-icons': [ '14.1.0' ],
478 silly audit   '@expo/ws-tunnel': [ '1.0.6' ],
478 silly audit   '@expo/xcpretty': [ '4.3.2' ],
478 silly audit   '@ide/backoff': [ '1.0.0' ],
478 silly audit   '@isaacs/cliui': [ '8.0.2' ],
478 silly audit   'wrap-ansi': [ '8.1.0', '7.0.0' ],
478 silly audit   '@isaacs/fs-minipass': [ '4.0.1' ],
478 silly audit   '@isaacs/ttlcache': [ '1.4.1' ],
478 silly audit   '@istanbuljs/load-nyc-config': [ '1.1.0' ],
478 silly audit   argparse: [ '1.0.10', '2.0.1' ],
478 silly audit   'find-up': [ '4.1.0', '5.0.0' ],
478 silly audit   'js-yaml': [ '3.14.1', '4.1.0' ],
478 silly audit   'locate-path': [ '5.0.0', '6.0.0' ],
478 silly audit   'p-limit': [ '2.3.0', '3.1.0' ],
478 silly audit   'p-locate': [ '4.1.0', '5.0.0' ],
478 silly audit   '@istanbuljs/schema': [ '0.1.3' ],
478 silly audit   '@jest/create-cache-key-function': [ '29.7.0' ],
478 silly audit   '@jest/environment': [ '29.7.0' ],
478 silly audit   '@jest/fake-timers': [ '29.7.0' ],
478 silly audit   '@jest/schemas': [ '29.6.3' ],
478 silly audit   '@jest/transform': [ '29.7.0' ],
478 silly audit   '@jest/types': [ '29.6.3' ],
478 silly audit   '@jridgewell/gen-mapping': [ '0.3.13' ],
478 silly audit   '@jridgewell/remapping': [ '2.3.5' ],
478 silly audit   '@jridgewell/resolve-uri': [ '3.1.2' ],
478 silly audit   '@jridgewell/sourcemap-codec': [ '1.5.5' ],
478 silly audit   '@jridgewell/trace-mapping': [ '0.3.30' ],
478 silly audit   '@pkgjs/parseargs': [ '0.11.0' ],
478 silly audit   '@react-native/babel-plugin-codegen': [ '0.79.6' ],
478 silly audit   '@react-native/babel-preset': [ '0.79.6' ],
478 silly audit   '@react-native/codegen': [ '0.79.6', '0.79.5' ],
478 silly audit   'brace-expansion': [ '1.1.12', '2.0.2' ],
478 silly audit   glob: [ '7.2.3', '10.4.5' ],
478 silly audit   minimatch: [ '3.1.2', '9.0.5' ],
478 silly audit   ms: [ '2.0.0', '2.1.3' ],
478 silly audit   '@react-native/debugger-frontend': [ '0.79.6', '0.79.5' ],
478 silly audit   '@react-native/dev-middleware': [ '0.79.6', '0.79.5' ],
478 silly audit   ws: [ '6.2.3', '7.5.10', '8.18.3' ],
478 silly audit   '@react-native/normalize-colors': [ '0.79.5' ],
478 silly audit   '@react-navigation/core': [ '7.12.4' ],
478 silly audit   'react-is': [ '19.1.1', '18.3.1' ],
478 silly audit   '@react-navigation/elements': [ '2.6.4' ],
478 silly audit   '@react-navigation/native': [ '7.1.17' ],
478 silly audit   '@react-navigation/native-stack': [ '7.3.26' ],
478 silly audit   '@react-navigation/routers': [ '7.5.1' ],
478 silly audit   '@sinclair/typebox': [ '0.27.8' ],
478 silly audit   '@sinonjs/commons': [ '3.0.1' ],
478 silly audit   '@sinonjs/fake-timers': [ '10.3.0' ],
478 silly audit   '@tanstack/query-core': [ '5.87.1' ],
478 silly audit   '@tanstack/react-query': [ '5.87.1' ],
478 silly audit   '@types/babel__core': [ '7.20.5' ],
478 silly audit   '@types/babel__generator': [ '7.27.0' ],
478 silly audit   '@types/babel__template': [ '7.4.4' ],
478 silly audit   '@types/babel__traverse': [ '7.28.0' ],
478 silly audit   '@types/graceful-fs': [ '4.1.9' ],
478 silly audit   '@types/istanbul-lib-coverage': [ '2.0.6' ],
478 silly audit   '@types/istanbul-lib-report': [ '3.0.3' ],
478 silly audit   '@types/istanbul-reports': [ '3.0.4' ],
478 silly audit   '@types/node': [ '24.3.1' ],
478 silly audit   '@types/react': [ '19.0.14' ],
478 silly audit   '@types/stack-utils': [ '2.0.3' ],
478 silly audit   '@types/yargs': [ '17.0.33' ],
478 silly audit   '@types/yargs-parser': [ '21.0.3' ],
478 silly audit   '@urql/core': [ '5.2.0' ],
478 silly audit   '@urql/exchange-retry': [ '1.3.2' ],
478 silly audit   '@xmldom/xmldom': [ '0.8.11' ],
478 silly audit   'abort-controller': [ '3.0.0' ],
478 silly audit   accepts: [ '1.3.8' ],
478 silly audit   anser: [ '1.4.10' ],
478 silly audit   'ansi-escapes': [ '4.3.2' ],
478 silly audit   'type-fest': [ '0.21.3', '0.7.1' ],
478 silly audit   'ansi-regex': [ '5.0.1', '4.1.1', '6.2.0' ],
478 silly audit   'any-promise': [ '1.3.0' ],
478 silly audit   anymatch: [ '3.1.3' ],
478 silly audit   picomatch: [ '2.3.1', '3.0.1' ],
478 silly audit   arg: [ '5.0.2' ],
478 silly audit   asap: [ '2.0.6' ],
478 silly audit   assert: [ '2.1.0' ],
478 silly audit   'async-limiter': [ '1.0.1' ],
478 silly audit   'available-typed-arrays': [ '1.0.7' ],
478 silly audit   'babel-jest': [ '29.7.0' ],
478 silly audit   'babel-plugin-istanbul': [ '6.1.1' ],
478 silly audit   'babel-plugin-jest-hoist': [ '29.6.3' ],
478 silly audit   'babel-plugin-polyfill-corejs2': [ '0.4.14' ],
478 silly audit   'babel-plugin-polyfill-corejs3': [ '0.13.0' ],
478 silly audit   'babel-plugin-polyfill-regenerator': [ '0.6.5' ],
478 silly audit   'babel-plugin-react-native-web': [ '0.19.13' ],
478 silly audit   'babel-plugin-syntax-hermes-parser': [ '0.25.1' ],
478 silly audit   'babel-plugin-transform-flow-enums': [ '0.0.2' ],
478 silly audit   'babel-preset-current-node-syntax': [ '1.2.0' ],
478 silly audit   'babel-preset-expo': [ '13.2.4' ],
478 silly audit   'babel-preset-jest': [ '29.6.3' ],
478 silly audit   badgin: [ '1.2.3' ],
478 silly audit   'balanced-match': [ '1.0.2' ],
478 silly audit   'base64-js': [ '1.5.1' ],
478 silly audit   'better-opn': [ '3.0.2' ],
478 silly audit   open: [ '8.4.2', '7.4.2' ],
478 silly audit   'big-integer': [ '1.6.52' ],
478 silly audit   'bplist-creator': [ '0.1.0' ],
478 silly audit   'bplist-parser': [ '0.3.2', '0.3.1' ],
478 silly audit   braces: [ '3.0.3' ],
478 silly audit   browserslist: [ '4.25.4' ],
478 silly audit   bser: [ '2.1.1' ],
478 silly audit   buffer: [ '5.7.1' ],
478 silly audit   'buffer-from': [ '1.1.2' ],
478 silly audit   bytes: [ '3.1.2' ],
478 silly audit   'call-bind': [ '1.0.8' ],
478 silly audit   'call-bind-apply-helpers': [ '1.0.2' ],
478 silly audit   'call-bound': [ '1.0.4' ],
478 silly audit   camelcase: [ '5.3.1', '6.3.0' ],
478 silly audit   'caniuse-lite': [ '1.0.30001741' ],
478 silly audit   chownr: [ '3.0.0' ],
478 silly audit   'chrome-launcher': [ '0.15.2' ],
478 silly audit   'chromium-edge-launcher': [ '0.2.0' ],
478 silly audit   'ci-info': [ '3.9.0', '2.0.0' ],
478 silly audit   'cli-cursor': [ '2.1.0' ],
478 silly audit   'cli-spinners': [ '2.9.2' ],
478 silly audit   cliui: [ '8.0.1' ],
478 silly audit   'emoji-regex': [ '8.0.0', '9.2.2' ],
478 silly audit   'string-width': [ '4.2.3', '5.1.2' ],
478 silly audit   'strip-ansi': [ '6.0.1', '5.2.0', '7.1.0' ],
478 silly audit   clone: [ '1.0.4' ],
478 silly audit   color: [ '4.2.3' ],
478 silly audit   'color-string': [ '1.9.1' ],
478 silly audit   commander: [ '7.2.0', '4.1.1', '12.1.0', '2.20.3' ],
478 silly audit   compressible: [ '2.0.18' ],
478 silly audit   compression: [ '1.8.1' ],
478 silly audit   negotiator: [ '0.6.4', '0.6.3' ],
478 silly audit   'concat-map': [ '0.0.1' ],
478 silly audit   connect: [ '3.7.0' ],
478 silly audit   'convert-source-map': [ '2.0.0' ],
478 silly audit   'core-js-compat': [ '3.45.1' ],
478 silly audit   'cross-spawn': [ '7.0.6' ],
478 silly audit   'crypto-random-string': [ '2.0.0' ],
478 silly audit   csstype: [ '3.1.3' ],
478 silly audit   'decode-uri-component': [ '0.2.2' ],
478 silly audit   'deep-extend': [ '0.6.0' ],
478 silly audit   deepmerge: [ '4.3.1' ],
478 silly audit   defaults: [ '1.0.4' ],
478 silly audit   'define-data-property': [ '1.1.4' ],
478 silly audit   'define-lazy-prop': [ '2.0.0' ],
478 silly audit   'define-properties': [ '1.2.1' ],
478 silly audit   depd: [ '2.0.0' ],
478 silly audit   destroy: [ '1.2.0' ],
478 silly audit   'detect-libc': [ '1.0.3' ],
478 silly audit   dotenv: [ '16.4.7' ],
478 silly audit   'dotenv-expand': [ '11.0.7' ],
478 silly audit   'dunder-proto': [ '1.0.1' ],
478 silly audit   eastasianwidth: [ '0.2.0' ],
478 silly audit   'ee-first': [ '1.1.1' ],
478 silly audit   'electron-to-chromium': [ '1.5.214' ],
478 silly audit   encodeurl: [ '1.0.2', '2.0.0' ],
478 silly audit   'env-editor': [ '0.4.2' ],
478 silly audit   'es-define-property': [ '1.0.1' ],
478 silly audit   'es-errors': [ '1.3.0' ],
478 silly audit   'es-object-atoms': [ '1.1.1' ],
478 silly audit   escalade: [ '3.2.0' ],
478 silly audit   'escape-html': [ '1.0.3' ],
478 silly audit   esprima: [ '4.0.1' ],
478 silly audit   etag: [ '1.8.1' ],
478 silly audit   'event-target-shim': [ '5.0.1' ],
478 silly audit   'exec-async': [ '2.2.0' ],
478 silly audit   expo: [ '53.0.22' ],
478 silly audit   'expo-application': [ '6.1.5' ],
478 silly audit   'expo-asset': [ '11.1.7' ],
478 silly audit   'expo-constants': [ '17.1.7' ],
478 silly audit   'expo-device': [ '7.1.4' ],
478 silly audit   'expo-file-system': [ '18.1.11' ],
478 silly audit   'expo-font': [ '13.3.2' ],
478 silly audit   'expo-keep-awake': [ '14.1.4' ],
478 silly audit   'expo-location': [ '18.1.6' ],
478 silly audit   'expo-modules-autolinking': [ '2.1.14' ],
478 silly audit   'expo-modules-core': [ '2.5.0' ],
478 silly audit   'expo-notifications': [ '0.31.4' ],
478 silly audit   'expo-status-bar': [ '2.2.3' ],
478 silly audit   'fast-deep-equal': [ '3.1.3' ],
478 silly audit   'fast-json-stable-stringify': [ '2.1.0' ],
478 silly audit   'fb-watchman': [ '2.0.2' ],
478 silly audit   'fill-range': [ '7.1.1' ],
478 silly audit   'filter-obj': [ '1.1.0' ],
478 silly audit   finalhandler: [ '1.1.2' ],
478 silly audit   fontfaceobserver: [ '2.3.0' ],
478 silly audit   'for-each': [ '0.3.5' ],
478 silly audit   'foreground-child': [ '3.3.1' ],
478 silly audit   'freeport-async': [ '2.0.0' ],
478 silly audit   fresh: [ '0.5.2' ],
478 silly audit   'fs.realpath': [ '1.0.0' ],
478 silly audit   fsevents: [ '2.3.3' ],
478 silly audit   'function-bind': [ '1.1.2' ],
478 silly audit   gensync: [ '1.0.0-beta.2' ],
478 silly audit   'get-caller-file': [ '2.0.5' ],
478 silly audit   'get-intrinsic': [ '1.3.0' ],
478 silly audit   'get-package-type': [ '0.1.0' ],
478 silly audit   'get-proto': [ '1.0.1' ],
478 silly audit   getenv: [ '2.0.0' ],
478 silly audit   gopd: [ '1.2.0' ],
478 silly audit   'graceful-fs': [ '4.2.11' ],
478 silly audit   'has-property-descriptors': [ '1.0.2' ],
478 silly audit   'has-symbols': [ '1.1.0' ],
478 silly audit   'has-tostringtag': [ '1.0.2' ],
478 silly audit   hasown: [ '2.0.2' ],
478 silly audit   'hermes-estree': [ '0.25.1', '0.29.1' ],
478 silly audit   'hermes-parser': [ '0.25.1', '0.29.1' ],
478 silly audit   'hosted-git-info': [ '7.0.2' ],
478 silly audit   'lru-cache': [ '10.4.3', '5.1.1' ],
478 silly audit   'http-errors': [ '2.0.0' ],
478 silly audit   statuses: [ '2.0.1', '1.5.0' ],
478 silly audit   ieee754: [ '1.2.1' ],
478 silly audit   ignore: [ '5.3.2' ],
478 silly audit   'resolve-from': [ '5.0.0', '3.0.0' ],
478 silly audit   imurmurhash: [ '0.1.4' ],
478 silly audit   inflight: [ '1.0.6' ],
478 silly audit   inherits: [ '2.0.4' ],
478 silly audit   ini: [ '1.3.8' ],
478 silly audit   invariant: [ '2.2.4' ],
478 silly audit   'is-arguments': [ '1.2.0' ],
478 silly audit   'is-arrayish': [ '0.3.2', '0.2.1' ],
478 silly audit   'is-callable': [ '1.2.7' ],
478 silly audit   'is-core-module': [ '2.16.1' ],
478 silly audit   'is-docker': [ '2.2.1' ],
478 silly audit   'is-fullwidth-code-point': [ '3.0.0' ],
478 silly audit   'is-generator-function': [ '1.1.0' ],
478 silly audit   'is-nan': [ '1.3.2' ],
478 silly audit   'is-number': [ '7.0.0' ],
478 silly audit   'is-plain-obj': [ '2.1.0' ],
478 silly audit   'is-regex': [ '1.2.1' ],
478 silly audit   'is-typed-array': [ '1.1.15' ],
478 silly audit   'is-wsl': [ '2.2.0' ],
478 silly audit   isexe: [ '2.0.0' ],
478 silly audit   'istanbul-lib-coverage': [ '3.2.2' ],
478 silly audit   'istanbul-lib-instrument': [ '5.2.1' ],
478 silly audit   jackspeak: [ '3.4.3' ],
478 silly audit   'jest-environment-node': [ '29.7.0' ],
478 silly audit   'jest-haste-map': [ '29.7.0' ],
478 silly audit   'jest-message-util': [ '29.7.0' ],
478 silly audit   'jest-mock': [ '29.7.0' ],
478 silly audit   'jest-regex-util': [ '29.6.3' ],
478 silly audit   'jest-util': [ '29.7.0' ],
478 silly audit   'jest-worker': [ '29.7.0' ],
478 silly audit   'jimp-compact': [ '0.16.1' ],
478 silly audit   'js-tokens': [ '4.0.0' ],
478 silly audit   'jsc-safe-url': [ '0.2.4' ],
478 silly audit   jsesc: [ '3.1.0', '3.0.2' ],
478 silly audit   json5: [ '2.2.3' ],
478 silly audit   kleur: [ '3.0.3' ],
478 silly audit   'lan-network': [ '0.1.7' ],
478 silly audit   'lighthouse-logger': [ '1.4.2' ],
478 silly audit   lightningcss: [ '1.27.0' ],
478 silly audit   'lightningcss-darwin-arm64': [ '1.27.0' ],
478 silly audit   'lightningcss-darwin-x64': [ '1.27.0' ],
478 silly audit   'lightningcss-freebsd-x64': [ '1.27.0' ],
478 silly audit   'lightningcss-linux-arm-gnueabihf': [ '1.27.0' ],
478 silly audit   'lightningcss-linux-arm64-gnu': [ '1.27.0' ],
478 silly audit   'lightningcss-linux-arm64-musl': [ '1.27.0' ],
478 silly audit   'lightningcss-linux-x64-gnu': [ '1.27.0' ],
478 silly audit   'lightningcss-linux-x64-musl': [ '1.27.0' ],
478 silly audit   'lightningcss-win32-arm64-msvc': [ '1.27.0' ],
478 silly audit   'lightningcss-win32-x64-msvc': [ '1.27.0' ],
478 silly audit   'lines-and-columns': [ '1.2.4' ],
478 silly audit   'lodash.debounce': [ '4.0.8' ],
478 silly audit   'log-symbols': [ '2.2.0' ],
478 silly audit   'loose-envify': [ '1.4.0' ],
478 silly audit   makeerror: [ '1.0.12' ],
478 silly audit   marky: [ '1.3.0' ],
478 silly audit   'math-intrinsics': [ '1.1.0' ],
478 silly audit   'memoize-one': [ '5.2.1' ],
478 silly audit   'merge-options': [ '3.0.4' ],
478 silly audit   'merge-stream': [ '2.0.0' ],
478 silly audit   micromatch: [ '4.0.8' ],
478 silly audit   mime: [ '1.6.0' ],
478 silly audit   'mime-db': [ '1.54.0', '1.52.0' ],
478 silly audit   'mime-types': [ '2.1.35' ],
478 silly audit   'mimic-fn': [ '1.2.0' ],
478 silly audit   minimist: [ '1.2.8' ],
478 silly audit   minipass: [ '7.1.2' ],
478 silly audit   minizlib: [ '3.0.2' ],
478 silly audit   mkdirp: [ '1.0.4', '3.0.1' ],
478 silly audit   mz: [ '2.7.0' ],
478 silly audit   nanoid: [ '3.3.11' ],
478 silly audit   'nested-error-stacks': [ '2.0.1' ],
478 silly audit   'node-forge': [ '1.3.1' ],
478 silly audit   'node-int64': [ '0.4.0' ],
478 silly audit   'node-releases': [ '2.0.19' ],
478 silly audit   'normalize-path': [ '3.0.0' ],
478 silly audit   'npm-package-arg': [ '11.0.3' ],
478 silly audit   nullthrows: [ '1.1.1' ],
478 silly audit   'object-assign': [ '4.1.1' ],
478 silly audit   'object-is': [ '1.1.6' ],
478 silly audit   'object-keys': [ '1.1.1' ],
478 silly audit   'object.assign': [ '4.1.7' ],
478 silly audit   'on-finished': [ '2.3.0', '2.4.1' ],
478 silly audit   'on-headers': [ '1.1.0' ],
478 silly audit   once: [ '1.4.0' ],
478 silly audit   onetime: [ '2.0.1' ],
478 silly audit   ora: [ '3.4.0' ],
478 silly audit   'p-try': [ '2.2.0' ],
478 silly audit   'package-json-from-dist': [ '1.0.1' ],
478 silly audit   'parse-png': [ '2.1.0' ],
478 silly audit   parseurl: [ '1.3.3' ],
478 silly audit   'path-exists': [ '4.0.0' ],
478 silly audit   'path-is-absolute': [ '1.0.1' ],
478 silly audit   'path-key': [ '3.1.1' ],
478 silly audit   'path-parse': [ '1.0.7' ],
478 silly audit   'path-scurry': [ '1.11.1' ],
478 silly audit   picocolors: [ '1.1.1' ],
478 silly audit   pirates: [ '4.0.7' ],
478 silly audit   plist: [ '3.1.0' ],
478 silly audit   pngjs: [ '3.4.0' ],
478 silly audit   'possible-typed-array-names': [ '1.1.0' ],
478 silly audit   postcss: [ '8.4.49' ],
478 silly audit   'pretty-bytes': [ '5.6.0' ],
478 silly audit   'pretty-format': [ '29.7.0' ],
478 silly audit   'proc-log': [ '4.2.0' ],
478 silly audit   progress: [ '2.0.3' ],
478 silly audit   promise: [ '8.3.0' ],
478 silly audit   prompts: [ '2.4.2' ],
478 silly audit   punycode: [ '2.3.1' ],
478 silly audit   'qrcode-terminal': [ '0.11.0' ],
478 silly audit   'query-string': [ '7.1.3' ],
478 silly audit   'range-parser': [ '1.2.1' ],
478 silly audit   rc: [ '1.2.8' ],
478 silly audit   react: [ '19.0.0' ],
478 silly audit   'react-devtools-core': [ '6.1.5' ],
478 silly audit   'react-freeze': [ '1.0.4' ],
478 silly audit   'react-native-edge-to-edge': [ '1.6.0' ],
478 silly audit   'react-native-is-edge-to-edge': [ '1.2.1', '1.1.7' ],
478 silly audit   'react-native-mmkv': [ '3.3.1' ],
478 silly audit   'react-refresh': [ '0.14.2' ],
478 silly audit   regenerate: [ '1.4.2' ],
478 silly audit   'regenerate-unicode-properties': [ '10.2.0' ],
478 silly audit   'regenerator-runtime': [ '0.13.11' ],
478 silly audit   'regexpu-core': [ '6.2.0' ],
478 silly audit   regjsgen: [ '0.8.0' ],
478 silly audit   regjsparser: [ '0.12.0' ],
478 silly audit   'require-directory': [ '2.1.1' ],
478 silly audit   'require-from-string': [ '2.0.2' ],
478 silly audit   requireg: [ '0.2.2' ],
478 silly audit   resolve: [ '1.7.1', '1.22.10' ],
478 silly audit   'resolve-workspace-root': [ '2.0.0' ],
478 silly audit   'resolve.exports': [ '2.0.3' ],
478 silly audit   'restore-cursor': [ '2.0.0' ],
478 silly audit   'signal-exit': [ '3.0.7', '4.1.0' ],
478 silly audit   rimraf: [ '3.0.2' ],
478 silly audit   'safe-buffer': [ '5.2.1' ],
478 silly audit   'safe-regex-test': [ '1.1.0' ],
478 silly audit   sax: [ '1.4.1' ],
478 silly audit   scheduler: [ '0.25.0' ],
478 silly audit   send: [ '0.19.1', '0.19.0' ],
478 silly audit   'serve-static': [ '1.16.2' ],
478 silly audit   'set-function-length': [ '1.2.2' ],
478 silly audit   setprototypeof: [ '1.2.0' ],
478 silly audit   'shebang-command': [ '2.0.0' ],
478 silly audit   'shebang-regex': [ '3.0.0' ],
478 silly audit   'shell-quote': [ '1.8.3' ],
478 silly audit   'simple-plist': [ '1.3.1' ],
478 silly audit   'simple-swizzle': [ '0.2.2' ],
478 silly audit   sisteransi: [ '1.0.5' ],
478 silly audit   slash: [ '3.0.0' ],
478 silly audit   slugify: [ '1.6.6' ],
478 silly audit   'source-map': [ '0.6.1', '0.5.7' ],
478 silly audit   'source-map-js': [ '1.2.1' ],
478 silly audit   'source-map-support': [ '0.5.21' ],
478 silly audit   'split-on-first': [ '1.1.0' ],
478 silly audit   'sprintf-js': [ '1.0.3' ],
478 silly audit   'stack-utils': [ '2.0.6' ],
478 silly audit   'stacktrace-parser': [ '0.1.11' ],
478 silly audit   'stream-buffers': [ '2.2.0' ],
478 silly audit   'strict-uri-encode': [ '2.0.0' ],
478 silly audit   'strip-json-comments': [ '2.0.1' ],
478 silly audit   'structured-headers': [ '0.4.1' ],
478 silly audit   sucrase: [ '3.35.0' ],
478 silly audit   'supports-hyperlinks': [ '2.3.0' ],
478 silly audit   'supports-preserve-symlinks-flag': [ '1.0.0' ],
478 silly audit   tar: [ '7.4.3' ],
478 silly audit   yallist: [ '5.0.0', '3.1.1' ],
478 silly audit   'temp-dir': [ '2.0.0' ],
478 silly audit   'terminal-link': [ '2.1.1' ],
478 silly audit   'test-exclude': [ '6.0.0' ],
478 silly audit   thenify: [ '3.3.1' ],
478 silly audit   'thenify-all': [ '1.6.0' ],
478 silly audit   tmpl: [ '1.0.5' ],
478 silly audit   'to-regex-range': [ '5.0.1' ],
478 silly audit   toidentifier: [ '1.0.1' ],
478 silly audit   'ts-interface-checker': [ '0.1.13' ],
478 silly audit   'type-detect': [ '4.0.8' ],
478 silly audit   typescript: [ '5.8.3' ],
478 silly audit   'ua-parser-js': [ '0.7.41' ],
478 silly audit   undici: [ '6.21.3' ],
478 silly audit   'undici-types': [ '7.10.0' ],
478 silly audit   'unicode-canonical-property-names-ecmascript': [ '2.0.1' ],
478 silly audit   'unicode-match-property-ecmascript': [ '2.0.0' ],
478 silly audit   'unicode-match-property-value-ecmascript': [ '2.2.0' ],
478 silly audit   'unicode-property-aliases-ecmascript': [ '2.1.0' ],
478 silly audit   'unique-string': [ '2.0.0' ],
478 silly audit   unpipe: [ '1.0.0' ],
478 silly audit   'update-browserslist-db': [ '1.1.3' ],
478 silly audit   'use-latest-callback': [ '0.2.4' ],
478 silly audit   'use-sync-external-store': [ '1.5.0' ],
478 silly audit   util: [ '0.12.5' ],
478 silly audit   'utils-merge': [ '1.0.1' ],
478 silly audit   uuid: [ '7.0.3' ],
478 silly audit   'validate-npm-package-name': [ '5.0.1' ],
478 silly audit   vary: [ '1.1.2' ],
478 silly audit   walker: [ '1.0.8' ],
478 silly audit   'warn-once': [ '0.1.1' ],
478 silly audit   wcwidth: [ '1.0.1' ],
478 silly audit   'webidl-conversions': [ '5.0.0' ],
478 silly audit   'whatwg-fetch': [ '3.6.20' ],
478 silly audit   'whatwg-url-without-unicode': [ '8.0.0-3' ],
478 silly audit   which: [ '2.0.2' ],
478 silly audit   'which-typed-array': [ '1.1.19' ],
478 silly audit   wonka: [ '6.3.5' ],
478 silly audit   wrappy: [ '1.0.2' ],
478 silly audit   'write-file-atomic': [ '4.0.2' ],
478 silly audit   xcode: [ '3.0.1' ],
478 silly audit   xml2js: [ '0.6.0' ],
478 silly audit   xmlbuilder: [ '11.0.1', '15.1.1' ],
478 silly audit   y18n: [ '5.0.8' ],
478 silly audit   yargs: [ '17.7.2' ],
478 silly audit   'yargs-parser': [ '21.1.1' ],
478 silly audit   'yocto-queue': [ '0.1.0' ],
478 silly audit   '@react-native-async-storage/async-storage': [ '2.1.2' ],
478 silly audit   '@stripe/stripe-react-native': [ '0.45.0' ],
478 silly audit   'expo-secure-store': [ '14.2.4' ],
478 silly audit   'react-native': [ '0.79.5' ],
478 silly audit   'react-native-reanimated': [ '3.17.5' ],
478 silly audit   'react-native-safe-area-context': [ '5.4.0' ],
478 silly audit   'react-native-screens': [ '4.11.1' ],
478 silly audit   '@react-native/assets-registry': [ '0.79.5' ],
478 silly audit   '@react-native/community-cli-plugin': [ '0.79.5' ],
478 silly audit   '@react-native/gradle-plugin': [ '0.79.5' ],
478 silly audit   '@react-native/js-polyfills': [ '0.79.5' ],
478 silly audit   '@react-native/virtualized-lists': [ '0.79.5' ],
478 silly audit   'flow-enums-runtime': [ '0.0.6' ],
478 silly audit   'metro-runtime': [ '0.82.5' ],
478 silly audit   'metro-source-map': [ '0.82.5' ],
478 silly audit   metro: [ '0.82.5' ],
478 silly audit   'metro-config': [ '0.82.5' ],
478 silly audit   'metro-core': [ '0.82.5' ],
478 silly audit   'error-stack-parser': [ '2.1.4' ],
478 silly audit   'image-size': [ '1.2.1' ],
478 silly audit   'lodash.throttle': [ '4.1.1' ],
478 silly audit   'metro-babel-transformer': [ '0.82.5' ],
478 silly audit   'metro-cache': [ '0.82.5' ],
478 silly audit   'metro-cache-key': [ '0.82.5' ],
478 silly audit   'metro-file-map': [ '0.82.5' ],
478 silly audit   'metro-resolver': [ '0.82.5' ],
478 silly audit   'metro-symbolicate': [ '0.82.5' ],
478 silly audit   'metro-transform-plugins': [ '0.82.5' ],
478 silly audit   'metro-transform-worker': [ '0.82.5' ],
478 silly audit   'serialize-error': [ '2.1.0' ],
478 silly audit   throat: [ '5.0.0' ],
478 silly audit   stackframe: [ '1.3.4' ],
478 silly audit   queue: [ '6.0.2' ],
478 silly audit   'exponential-backoff': [ '3.1.2' ],
478 silly audit   'https-proxy-agent': [ '7.0.6' ],
478 silly audit   'agent-base': [ '7.1.4' ],
478 silly audit   cosmiconfig: [ '5.2.1' ],
478 silly audit   'jest-validate': [ '29.7.0' ],
478 silly audit   'import-fresh': [ '2.0.0' ],
478 silly audit   'is-directory': [ '0.3.1' ],
478 silly audit   'parse-json': [ '4.0.0' ],
478 silly audit   'caller-path': [ '2.0.0' ],
478 silly audit   'caller-callsite': [ '2.0.0' ],
478 silly audit   callsites: [ '2.0.0' ],
478 silly audit   'jest-get-type': [ '29.6.3' ],
478 silly audit   leven: [ '3.1.0' ],
478 silly audit   ob1: [ '0.82.5' ],
478 silly audit   vlq: [ '1.0.1' ],
478 silly audit   'metro-minify-terser': [ '0.82.5' ],
478 silly audit   terser: [ '5.44.0' ],
478 silly audit   'error-ex': [ '1.3.2' ],
478 silly audit   'json-parse-better-errors': [ '1.0.2' ],
478 silly audit   '@babel/plugin-transform-template-literals': [ '7.27.1' ],
478 silly audit   '@jridgewell/source-map': [ '0.3.11' ],
478 silly audit   acorn: [ '8.15.0' ]
478 silly audit }
479 verbose reify failed optional dependency /Users/jorgensjovang/App/commitment-contract/node_modules/lightningcss-win32-x64-msvc
480 silly reify mark deleted [
480 silly reify   '/Users/jorgensjovang/App/commitment-contract/node_modules/lightningcss-win32-x64-msvc'
480 silly reify ]
481 verbose reify failed optional dependency /Users/jorgensjovang/App/commitment-contract/node_modules/lightningcss-win32-arm64-msvc
482 silly reify mark deleted [
482 silly reify   '/Users/jorgensjovang/App/commitment-contract/node_modules/lightningcss-win32-arm64-msvc'
482 silly reify ]
483 verbose reify failed optional dependency /Users/jorgensjovang/App/commitment-contract/node_modules/lightningcss-linux-x64-musl
484 silly reify mark deleted [
484 silly reify   '/Users/jorgensjovang/App/commitment-contract/node_modules/lightningcss-linux-x64-musl'
484 silly reify ]
485 verbose reify failed optional dependency /Users/jorgensjovang/App/commitment-contract/node_modules/lightningcss-linux-x64-gnu
486 silly reify mark deleted [
486 silly reify   '/Users/jorgensjovang/App/commitment-contract/node_modules/lightningcss-linux-x64-gnu'
486 silly reify ]
487 verbose reify failed optional dependency /Users/jorgensjovang/App/commitment-contract/node_modules/lightningcss-linux-arm64-musl
488 silly reify mark deleted [
488 silly reify   '/Users/jorgensjovang/App/commitment-contract/node_modules/lightningcss-linux-arm64-musl'
488 silly reify ]
489 verbose reify failed optional dependency /Users/jorgensjovang/App/commitment-contract/node_modules/lightningcss-linux-arm64-gnu
490 silly reify mark deleted [
490 silly reify   '/Users/jorgensjovang/App/commitment-contract/node_modules/lightningcss-linux-arm64-gnu'
490 silly reify ]
491 verbose reify failed optional dependency /Users/jorgensjovang/App/commitment-contract/node_modules/lightningcss-linux-arm-gnueabihf
492 silly reify mark deleted [
492 silly reify   '/Users/jorgensjovang/App/commitment-contract/node_modules/lightningcss-linux-arm-gnueabihf'
492 silly reify ]
493 verbose reify failed optional dependency /Users/jorgensjovang/App/commitment-contract/node_modules/lightningcss-freebsd-x64
494 silly reify mark deleted [
494 silly reify   '/Users/jorgensjovang/App/commitment-contract/node_modules/lightningcss-freebsd-x64'
494 silly reify ]
495 verbose reify failed optional dependency /Users/jorgensjovang/App/commitment-contract/node_modules/lightningcss-darwin-x64
496 silly reify mark deleted [
496 silly reify   '/Users/jorgensjovang/App/commitment-contract/node_modules/lightningcss-darwin-x64'
496 silly reify ]
497 http cache react-native-reanimated@https://registry.npmjs.org/react-native-reanimated/-/react-native-reanimated-3.17.5.tgz 0ms (cache hit)
498 http cache react-native-screens@https://registry.npmjs.org/react-native-screens/-/react-native-screens-4.11.1.tgz 0ms (cache hit)
499 http cache react-native@https://registry.npmjs.org/react-native/-/react-native-0.79.5.tgz 0ms (cache hit)
500 http cache expo-secure-store@https://registry.npmjs.org/expo-secure-store/-/expo-secure-store-14.2.4.tgz 0ms (cache hit)
501 http cache @stripe/stripe-react-native@https://registry.npmjs.org/@stripe/stripe-react-native/-/stripe-react-native-0.45.0.tgz 0ms (cache hit)
502 http cache @react-native/js-polyfills@https://registry.npmjs.org/@react-native/js-polyfills/-/js-polyfills-0.79.5.tgz 0ms (cache hit)
503 http cache react-native-safe-area-context@https://registry.npmjs.org/react-native-safe-area-context/-/react-native-safe-area-context-5.4.0.tgz 0ms (cache hit)
504 http cache @react-native/gradle-plugin@https://registry.npmjs.org/@react-native/gradle-plugin/-/gradle-plugin-0.79.5.tgz 0ms (cache hit)
505 http cache @react-native/community-cli-plugin@https://registry.npmjs.org/@react-native/community-cli-plugin/-/community-cli-plugin-0.79.5.tgz 0ms (cache hit)
506 http cache @react-native/assets-registry@https://registry.npmjs.org/@react-native/assets-registry/-/assets-registry-0.79.5.tgz 0ms (cache hit)
507 http cache @react-native-async-storage/async-storage@https://registry.npmjs.org/@react-native-async-storage/async-storage/-/async-storage-2.1.2.tgz 0ms (cache hit)
508 http cache react-native-is-edge-to-edge@https://registry.npmjs.org/react-native-is-edge-to-edge/-/react-native-is-edge-to-edge-1.1.7.tgz 0ms (cache hit)
509 http cache @react-native/virtualized-lists@https://registry.npmjs.org/@react-native/virtualized-lists/-/virtualized-lists-0.79.5.tgz 0ms (cache hit)
510 http cache @react-native/codegen@https://registry.npmjs.org/@react-native/codegen/-/codegen-0.79.5.tgz 0ms (cache hit)
511 http cache ws@https://registry.npmjs.org/ws/-/ws-6.2.3.tgz 0ms (cache hit)
512 http cache @react-native/debugger-frontend@https://registry.npmjs.org/@react-native/debugger-frontend/-/debugger-frontend-0.79.5.tgz 0ms (cache hit)
513 http cache @react-native/dev-middleware@https://registry.npmjs.org/@react-native/dev-middleware/-/dev-middleware-0.79.5.tgz 0ms (cache hit)
514 silly tarball no local data for react-native-reanimated@https://registry.npmjs.org/react-native-reanimated/-/react-native-reanimated-3.17.5.tgz. Extracting by manifest.
515 silly tarball no local data for react-native-screens@https://registry.npmjs.org/react-native-screens/-/react-native-screens-4.11.1.tgz. Extracting by manifest.
516 silly tarball no local data for react-native@https://registry.npmjs.org/react-native/-/react-native-0.79.5.tgz. Extracting by manifest.
517 silly tarball no local data for expo-secure-store@https://registry.npmjs.org/expo-secure-store/-/expo-secure-store-14.2.4.tgz. Extracting by manifest.
518 silly tarball no local data for @stripe/stripe-react-native@https://registry.npmjs.org/@stripe/stripe-react-native/-/stripe-react-native-0.45.0.tgz. Extracting by manifest.
519 silly tarball no local data for @react-native/js-polyfills@https://registry.npmjs.org/@react-native/js-polyfills/-/js-polyfills-0.79.5.tgz. Extracting by manifest.
520 silly tarball no local data for react-native-safe-area-context@https://registry.npmjs.org/react-native-safe-area-context/-/react-native-safe-area-context-5.4.0.tgz. Extracting by manifest.
521 silly tarball no local data for @react-native/gradle-plugin@https://registry.npmjs.org/@react-native/gradle-plugin/-/gradle-plugin-0.79.5.tgz. Extracting by manifest.
522 silly tarball no local data for @react-native/community-cli-plugin@https://registry.npmjs.org/@react-native/community-cli-plugin/-/community-cli-plugin-0.79.5.tgz. Extracting by manifest.
523 silly tarball no local data for @react-native/assets-registry@https://registry.npmjs.org/@react-native/assets-registry/-/assets-registry-0.79.5.tgz. Extracting by manifest.
524 silly tarball no local data for @react-native-async-storage/async-storage@https://registry.npmjs.org/@react-native-async-storage/async-storage/-/async-storage-2.1.2.tgz. Extracting by manifest.
525 silly tarball no local data for react-native-is-edge-to-edge@https://registry.npmjs.org/react-native-is-edge-to-edge/-/react-native-is-edge-to-edge-1.1.7.tgz. Extracting by manifest.
526 silly tarball no local data for @react-native/virtualized-lists@https://registry.npmjs.org/@react-native/virtualized-lists/-/virtualized-lists-0.79.5.tgz. Extracting by manifest.
527 silly tarball no local data for @react-native/codegen@https://registry.npmjs.org/@react-native/codegen/-/codegen-0.79.5.tgz. Extracting by manifest.
528 silly tarball no local data for @react-native/debugger-frontend@https://registry.npmjs.org/@react-native/debugger-frontend/-/debugger-frontend-0.79.5.tgz. Extracting by manifest.
529 silly tarball no local data for @react-native/dev-middleware@https://registry.npmjs.org/@react-native/dev-middleware/-/dev-middleware-0.79.5.tgz. Extracting by manifest.
530 http fetch GET 200 https://registry.npmjs.org/react-native-is-edge-to-edge/-/react-native-is-edge-to-edge-1.1.7.tgz 85ms (cache miss)
531 http fetch GET 200 https://registry.npmjs.org/expo-secure-store/-/expo-secure-store-14.2.4.tgz 110ms (cache miss)
532 http fetch GET 200 https://registry.npmjs.org/@react-native/community-cli-plugin/-/community-cli-plugin-0.79.5.tgz 110ms (cache miss)
533 http fetch GET 200 https://registry.npmjs.org/@react-native/virtualized-lists/-/virtualized-lists-0.79.5.tgz 132ms (cache miss)
534 http fetch GET 200 https://registry.npmjs.org/react-native-safe-area-context/-/react-native-safe-area-context-5.4.0.tgz 144ms (cache miss)
535 http fetch GET 200 https://registry.npmjs.org/@react-native/gradle-plugin/-/gradle-plugin-0.79.5.tgz 159ms (cache miss)
536 http fetch GET 200 https://registry.npmjs.org/@react-native/assets-registry/-/assets-registry-0.79.5.tgz 167ms (cache miss)
537 http fetch GET 200 https://registry.npmjs.org/@react-native/dev-middleware/-/dev-middleware-0.79.5.tgz 180ms (cache miss)
538 http fetch GET 200 https://registry.npmjs.org/@react-native/codegen/-/codegen-0.79.5.tgz 231ms (cache miss)
539 http fetch GET 200 https://registry.npmjs.org/@react-native/js-polyfills/-/js-polyfills-0.79.5.tgz 263ms (cache miss)
540 http fetch POST 200 https://registry.npmjs.org/-/npm/v1/security/advisories/bulk 297ms
541 silly audit report {}
542 http fetch GET 200 https://registry.npmjs.org/react-native-screens/-/react-native-screens-4.11.1.tgz 301ms (cache miss)
543 http fetch GET 200 https://registry.npmjs.org/react-native-reanimated/-/react-native-reanimated-3.17.5.tgz 381ms (cache miss)
544 http fetch GET 200 https://registry.npmjs.org/@react-native/debugger-frontend/-/debugger-frontend-0.79.5.tgz 476ms (cache miss)
545 http fetch GET 200 https://registry.npmjs.org/@react-native-async-storage/async-storage/-/async-storage-2.1.2.tgz 689ms (cache miss)
546 http fetch GET 200 https://registry.npmjs.org/@stripe/stripe-react-native/-/stripe-react-native-0.45.0.tgz 726ms (cache miss)
547 http fetch GET 200 https://registry.npmjs.org/react-native/-/react-native-0.79.5.tgz 1015ms (cache miss)
548 silly ADD
549 silly ADD
550 silly ADD
551 silly ADD
552 silly ADD
553 silly ADD
554 silly ADD
555 silly ADD
556 silly ADD
557 silly REMOVE node_modules/react-native-worklets
558 silly REMOVE node_modules/react-native-worklets/node_modules/semver
559 silly CHANGE node_modules/react-native-screens
560 silly CHANGE node_modules/react-native-safe-area-context
561 silly CHANGE node_modules/react-native-reanimated
562 silly ADD node_modules/react-native-reanimated/node_modules/react-native-is-edge-to-edge
563 silly REMOVE node_modules/react-native-reanimated/node_modules/semver
564 silly CHANGE node_modules/react-native
565 silly ADD node_modules/react-native/node_modules/@react-native/codegen
566 silly CHANGE node_modules/react-native/node_modules/@react-native/virtualized-lists
567 silly REMOVE node_modules/react-native/node_modules/@react-native/normalize-colors
568 silly CHANGE node_modules/expo-secure-store
569 silly CHANGE node_modules/@stripe/stripe-react-native
570 silly CHANGE node_modules/@react-native/js-polyfills
571 silly CHANGE node_modules/@react-native/gradle-plugin
572 silly CHANGE node_modules/@react-native/community-cli-plugin
573 silly ADD node_modules/@react-native/community-cli-plugin/node_modules/ws
574 silly ADD node_modules/@react-native/community-cli-plugin/node_modules/@react-native/debugger-frontend
575 silly ADD node_modules/@react-native/community-cli-plugin/node_modules/@react-native/dev-middleware
576 silly CHANGE node_modules/@react-native/assets-registry
577 silly CHANGE node_modules/@react-native-async-storage/async-storage
578 verbose cwd /Users/jorgensjovang/App/commitment-contract
579 verbose os Darwin 24.6.0
580 verbose node v22.19.0
581 verbose npm  v10.9.3
582 verbose exit 0
583 info ok
