0 verbose cli /usr/local/bin/node /usr/local/bin/npm
1 info using npm@10.9.3
2 info using node@v22.19.0
3 silly config load:file:/usr/local/lib/node_modules/npm/npmrc
4 silly config load:file:/Users/jorgensjovang/App/commitment-contract/.npmrc
5 silly config load:file:/Users/jorgensjovang/.npmrc
6 silly config load:file:/Users/jorgensjovang/.npm-global/etc/npmrc
7 verbose title npm install @supabase/supabase-js react-native-url-polyfill
8 verbose argv "install" "@supabase/supabase-js" "react-native-url-polyfill" "--loglevel" "silent"
9 verbose logfile logs-max:10 dir:/Users/jorgensjovang/App/commitment-contract/.npm-cache/_logs/2025-09-05T15_44_20_679Z-
10 verbose logfile /Users/jorgensjovang/App/commitment-contract/.npm-cache/_logs/2025-09-05T15_44_20_679Z-debug-0.log
11 silly logfile done cleaning log files
12 silly packumentCache heap:4345298944 maxSize:1086324736 maxEntrySize:543162368
13 silly idealTree buildDeps
14 silly fetch manifest @supabase/supabase-js@*
15 silly packumentCache full:https://registry.npmjs.org/@supabase%2fsupabase-js cache-miss
16 http fetch GET 200 https://registry.npmjs.org/@supabase%2fsupabase-js 196ms (cache miss)
17 silly packumentCache full:https://registry.npmjs.org/@supabase%2fsupabase-js set size:undefined disposed:false
18 silly fetch manifest react-native-url-polyfill@*
19 silly packumentCache full:https://registry.npmjs.org/react-native-url-polyfill cache-miss
20 http fetch GET 200 https://registry.npmjs.org/react-native-url-polyfill 76ms (cache miss)
21 silly packumentCache full:https://registry.npmjs.org/react-native-url-polyfill set size:undefined disposed:false
22 silly fetch manifest react-native@0.79.5
23 silly packumentCache full:https://registry.npmjs.org/react-native cache-miss
24 http fetch GET 200 https://registry.npmjs.org/react-native 48ms (cache revalidated)
25 silly packumentCache full:https://registry.npmjs.org/react-native set size:14021539 disposed:false
26 silly fetch manifest @types/react@~19.0.10
27 silly packumentCache full:https://registry.npmjs.org/@types%2freact cache-miss
28 http fetch GET 200 https://registry.npmjs.org/@types%2freact 84ms (cache revalidated)
29 silly packumentCache full:https://registry.npmjs.org/@types%2freact set size:2450930 disposed:false
30 silly fetch manifest react@19.0.0
31 silly packumentCache full:https://registry.npmjs.org/react cache-miss
32 http fetch GET 200 https://registry.npmjs.org/react 36ms (cache revalidated)
33 silly packumentCache full:https://registry.npmjs.org/react set size:6017431 disposed:false
34 silly placeDep ROOT @supabase/supabase-js@2.57.2 OK for: commitment-contract@1.0.0 want: *
35 silly placeDep ROOT react-native-url-polyfill@2.0.0 OK for: commitment-contract@1.0.0 want: *
36 silly fetch manifest @supabase/auth-js@2.71.1
37 silly packumentCache full:https://registry.npmjs.org/@supabase%2fauth-js cache-miss
38 silly fetch manifest @supabase/functions-js@2.4.5
39 silly packumentCache full:https://registry.npmjs.org/@supabase%2ffunctions-js cache-miss
40 silly fetch manifest @supabase/node-fetch@2.6.15
41 silly packumentCache full:https://registry.npmjs.org/@supabase%2fnode-fetch cache-miss
42 silly fetch manifest @supabase/postgrest-js@1.21.3
43 silly packumentCache full:https://registry.npmjs.org/@supabase%2fpostgrest-js cache-miss
44 silly fetch manifest @supabase/realtime-js@2.15.5
45 silly packumentCache full:https://registry.npmjs.org/@supabase%2frealtime-js cache-miss
46 silly fetch manifest @supabase/storage-js@^2.10.4
47 silly packumentCache full:https://registry.npmjs.org/@supabase%2fstorage-js cache-miss
48 http fetch GET 200 https://registry.npmjs.org/@supabase%2fauth-js 163ms (cache miss)
49 silly packumentCache full:https://registry.npmjs.org/@supabase%2fauth-js set size:undefined disposed:false
50 http fetch GET 200 https://registry.npmjs.org/@supabase%2ffunctions-js 170ms (cache miss)
51 silly packumentCache full:https://registry.npmjs.org/@supabase%2ffunctions-js set size:undefined disposed:false
52 http fetch GET 200 https://registry.npmjs.org/@supabase%2fpostgrest-js 174ms (cache miss)
53 silly packumentCache full:https://registry.npmjs.org/@supabase%2fpostgrest-js set size:undefined disposed:false
54 http fetch GET 200 https://registry.npmjs.org/@supabase%2fnode-fetch 200ms (cache miss)
55 silly packumentCache full:https://registry.npmjs.org/@supabase%2fnode-fetch set size:undefined disposed:false
56 http fetch GET 200 https://registry.npmjs.org/@supabase%2fstorage-js 206ms (cache miss)
57 silly packumentCache full:https://registry.npmjs.org/@supabase%2fstorage-js set size:undefined disposed:false
58 http fetch GET 200 https://registry.npmjs.org/@supabase%2frealtime-js 210ms (cache miss)
59 silly packumentCache full:https://registry.npmjs.org/@supabase%2frealtime-js set size:undefined disposed:false
60 silly placeDep ROOT @supabase/auth-js@2.71.1 OK for: @supabase/supabase-js@2.57.2 want: 2.71.1
61 silly placeDep ROOT @supabase/functions-js@2.4.5 OK for: @supabase/supabase-js@2.57.2 want: 2.4.5
62 silly placeDep ROOT @supabase/node-fetch@2.6.15 OK for: @supabase/supabase-js@2.57.2 want: 2.6.15
63 silly placeDep ROOT @supabase/postgrest-js@1.21.3 OK for: @supabase/supabase-js@2.57.2 want: 1.21.3
64 silly placeDep ROOT @supabase/realtime-js@2.15.5 OK for: @supabase/supabase-js@2.57.2 want: 2.15.5
65 silly placeDep ROOT @supabase/storage-js@2.11.1 OK for: @supabase/supabase-js@2.57.2 want: ^2.10.4
66 silly fetch manifest @supabase/node-fetch@^2.6.14
67 silly packumentCache full:https://registry.npmjs.org/@supabase%2fnode-fetch cache-miss
68 silly fetch manifest @supabase/node-fetch@^2.6.14
69 silly packumentCache full:https://registry.npmjs.org/@supabase%2fnode-fetch cache-miss
70 silly fetch manifest whatwg-url@^5.0.0
71 silly packumentCache full:https://registry.npmjs.org/whatwg-url cache-miss
72 silly fetch manifest @types/phoenix@^1.6.6
73 silly packumentCache full:https://registry.npmjs.org/@types%2fphoenix cache-miss
74 silly fetch manifest @types/ws@^8.18.1
75 silly packumentCache full:https://registry.npmjs.org/@types%2fws cache-miss
76 http cache https://registry.npmjs.org/@supabase%2fnode-fetch 4ms (cache hit)
77 silly packumentCache full:https://registry.npmjs.org/@supabase%2fnode-fetch set size:53978 disposed:false
78 http cache https://registry.npmjs.org/@supabase%2fnode-fetch 5ms (cache hit)
79 silly packumentCache full:https://registry.npmjs.org/@supabase%2fnode-fetch set size:53978 disposed:false
80 silly packumentCache full:https://registry.npmjs.org/@supabase%2fnode-fetch dispose
81 http fetch GET 200 https://registry.npmjs.org/whatwg-url 38ms (cache miss)
82 silly packumentCache full:https://registry.npmjs.org/whatwg-url set size:undefined disposed:false
83 http fetch GET 200 https://registry.npmjs.org/@types%2fws 42ms (cache miss)
84 silly packumentCache full:https://registry.npmjs.org/@types%2fws set size:undefined disposed:false
85 http fetch GET 200 https://registry.npmjs.org/@types%2fphoenix 113ms (cache miss)
86 silly packumentCache full:https://registry.npmjs.org/@types%2fphoenix set size:undefined disposed:false
87 silly placeDep ROOT whatwg-url@5.0.0 OK for: @supabase/node-fetch@2.6.15 want: ^5.0.0
88 silly fetch manifest tr46@~0.0.3
89 silly packumentCache full:https://registry.npmjs.org/tr46 cache-miss
90 silly fetch manifest webidl-conversions@^3.0.0
91 silly packumentCache full:https://registry.npmjs.org/webidl-conversions cache-miss
92 http fetch GET 200 https://registry.npmjs.org/webidl-conversions 32ms (cache revalidated)
93 silly packumentCache full:https://registry.npmjs.org/webidl-conversions set size:41857 disposed:false
94 http fetch GET 200 https://registry.npmjs.org/tr46 33ms (cache miss)
95 silly packumentCache full:https://registry.npmjs.org/tr46 set size:undefined disposed:false
96 silly placeDep ROOT @types/phoenix@1.6.6 OK for: @supabase/realtime-js@2.15.5 want: ^1.6.6
97 silly placeDep ROOT @types/ws@8.18.1 OK for: @supabase/realtime-js@2.15.5 want: ^8.18.1
98 silly placeDep ROOT tr46@0.0.3 OK for: whatwg-url@5.0.0 want: ~0.0.3
99 silly placeDep node_modules/whatwg-url webidl-conversions@3.0.1 OK for: whatwg-url@5.0.0 want: ^3.0.0
100 silly reify moves {}
101 silly audit bulk request {
101 silly audit   '@0no-co/graphql.web': [ '1.2.0' ],
101 silly audit   '@babel/code-frame': [ '7.27.1', '7.10.4' ],
101 silly audit   '@babel/compat-data': [ '7.28.4' ],
101 silly audit   '@babel/core': [ '7.28.4' ],
101 silly audit   '@babel/generator': [ '7.28.3' ],
101 silly audit   '@babel/helper-annotate-as-pure': [ '7.27.3' ],
101 silly audit   '@babel/helper-compilation-targets': [ '7.27.2' ],
101 silly audit   '@babel/helper-create-class-features-plugin': [ '7.28.3' ],
101 silly audit   '@babel/helper-create-regexp-features-plugin': [ '7.27.1' ],
101 silly audit   '@babel/helper-define-polyfill-provider': [ '0.6.5' ],
101 silly audit   '@babel/helper-globals': [ '7.28.0' ],
101 silly audit   '@babel/helper-member-expression-to-functions': [ '7.27.1' ],
101 silly audit   '@babel/helper-module-imports': [ '7.27.1' ],
101 silly audit   '@babel/helper-module-transforms': [ '7.28.3' ],
101 silly audit   '@babel/helper-optimise-call-expression': [ '7.27.1' ],
101 silly audit   '@babel/helper-plugin-utils': [ '7.27.1' ],
101 silly audit   '@babel/helper-remap-async-to-generator': [ '7.27.1' ],
101 silly audit   '@babel/helper-replace-supers': [ '7.27.1' ],
101 silly audit   '@babel/helper-skip-transparent-expression-wrappers': [ '7.27.1' ],
101 silly audit   '@babel/helper-string-parser': [ '7.27.1' ],
101 silly audit   '@babel/helper-validator-identifier': [ '7.27.1' ],
101 silly audit   '@babel/helper-validator-option': [ '7.27.1' ],
101 silly audit   '@babel/helper-wrap-function': [ '7.28.3' ],
101 silly audit   '@babel/helpers': [ '7.28.4' ],
101 silly audit   '@babel/highlight': [ '7.25.9' ],
101 silly audit   'ansi-styles': [ '3.2.1', '6.2.1', '4.3.0', '5.2.0' ],
101 silly audit   chalk: [ '2.4.2', '4.1.2' ],
101 silly audit   'color-convert': [ '1.9.3', '2.0.1' ],
101 silly audit   'color-name': [ '1.1.3', '1.1.4' ],
101 silly audit   'escape-string-regexp': [ '1.0.5', '4.0.0', '2.0.0' ],
101 silly audit   'has-flag': [ '3.0.0', '4.0.0' ],
101 silly audit   'supports-color': [ '5.5.0', '8.1.1', '7.2.0' ],
101 silly audit   '@babel/parser': [ '7.28.4' ],
101 silly audit   '@babel/plugin-proposal-decorators': [ '7.28.0' ],
101 silly audit   '@babel/plugin-proposal-export-default-from': [ '7.27.1' ],
101 silly audit   '@babel/plugin-syntax-async-generators': [ '7.8.4' ],
101 silly audit   '@babel/plugin-syntax-bigint': [ '7.8.3' ],
101 silly audit   '@babel/plugin-syntax-class-properties': [ '7.12.13' ],
101 silly audit   '@babel/plugin-syntax-class-static-block': [ '7.14.5' ],
101 silly audit   '@babel/plugin-syntax-decorators': [ '7.27.1' ],
101 silly audit   '@babel/plugin-syntax-dynamic-import': [ '7.8.3' ],
101 silly audit   '@babel/plugin-syntax-export-default-from': [ '7.27.1' ],
101 silly audit   '@babel/plugin-syntax-flow': [ '7.27.1' ],
101 silly audit   '@babel/plugin-syntax-import-attributes': [ '7.27.1' ],
101 silly audit   '@babel/plugin-syntax-import-meta': [ '7.10.4' ],
101 silly audit   '@babel/plugin-syntax-json-strings': [ '7.8.3' ],
101 silly audit   '@babel/plugin-syntax-jsx': [ '7.27.1' ],
101 silly audit   '@babel/plugin-syntax-logical-assignment-operators': [ '7.10.4' ],
101 silly audit   '@babel/plugin-syntax-nullish-coalescing-operator': [ '7.8.3' ],
101 silly audit   '@babel/plugin-syntax-numeric-separator': [ '7.10.4' ],
101 silly audit   '@babel/plugin-syntax-object-rest-spread': [ '7.8.3' ],
101 silly audit   '@babel/plugin-syntax-optional-catch-binding': [ '7.8.3' ],
101 silly audit   '@babel/plugin-syntax-optional-chaining': [ '7.8.3' ],
101 silly audit   '@babel/plugin-syntax-private-property-in-object': [ '7.14.5' ],
101 silly audit   '@babel/plugin-syntax-top-level-await': [ '7.14.5' ],
101 silly audit   '@babel/plugin-syntax-typescript': [ '7.27.1' ],
101 silly audit   '@babel/plugin-transform-arrow-functions': [ '7.27.1' ],
101 silly audit   '@babel/plugin-transform-async-generator-functions': [ '7.28.0' ],
101 silly audit   '@babel/plugin-transform-async-to-generator': [ '7.27.1' ],
101 silly audit   '@babel/plugin-transform-block-scoping': [ '7.28.4' ],
101 silly audit   '@babel/plugin-transform-class-properties': [ '7.27.1' ],
101 silly audit   '@babel/plugin-transform-classes': [ '7.28.4' ],
101 silly audit   '@babel/plugin-transform-computed-properties': [ '7.27.1' ],
101 silly audit   '@babel/plugin-transform-destructuring': [ '7.28.0' ],
101 silly audit   '@babel/plugin-transform-export-namespace-from': [ '7.27.1' ],
101 silly audit   '@babel/plugin-transform-flow-strip-types': [ '7.27.1' ],
101 silly audit   '@babel/plugin-transform-for-of': [ '7.27.1' ],
101 silly audit   '@babel/plugin-transform-function-name': [ '7.27.1' ],
101 silly audit   '@babel/plugin-transform-literals': [ '7.27.1' ],
101 silly audit   '@babel/plugin-transform-logical-assignment-operators': [ '7.27.1' ],
101 silly audit   '@babel/plugin-transform-modules-commonjs': [ '7.27.1' ],
101 silly audit   '@babel/plugin-transform-named-capturing-groups-regex': [ '7.27.1' ],
101 silly audit   '@babel/plugin-transform-nullish-coalescing-operator': [ '7.27.1' ],
101 silly audit   '@babel/plugin-transform-numeric-separator': [ '7.27.1' ],
101 silly audit   '@babel/plugin-transform-object-rest-spread': [ '7.28.4' ],
101 silly audit   '@babel/plugin-transform-optional-catch-binding': [ '7.27.1' ],
101 silly audit   '@babel/plugin-transform-optional-chaining': [ '7.27.1' ],
101 silly audit   '@babel/plugin-transform-parameters': [ '7.27.7' ],
101 silly audit   '@babel/plugin-transform-private-methods': [ '7.27.1' ],
101 silly audit   '@babel/plugin-transform-private-property-in-object': [ '7.27.1' ],
101 silly audit   '@babel/plugin-transform-react-display-name': [ '7.28.0' ],
101 silly audit   '@babel/plugin-transform-react-jsx': [ '7.27.1' ],
101 silly audit   '@babel/plugin-transform-react-jsx-development': [ '7.27.1' ],
101 silly audit   '@babel/plugin-transform-react-jsx-self': [ '7.27.1' ],
101 silly audit   '@babel/plugin-transform-react-jsx-source': [ '7.27.1' ],
101 silly audit   '@babel/plugin-transform-react-pure-annotations': [ '7.27.1' ],
101 silly audit   '@babel/plugin-transform-regenerator': [ '7.28.4' ],
101 silly audit   '@babel/plugin-transform-runtime': [ '7.28.3' ],
101 silly audit   '@babel/plugin-transform-shorthand-properties': [ '7.27.1' ],
101 silly audit   '@babel/plugin-transform-spread': [ '7.27.1' ],
101 silly audit   '@babel/plugin-transform-sticky-regex': [ '7.27.1' ],
101 silly audit   '@babel/plugin-transform-template-literals': [ '7.27.1' ],
101 silly audit   '@babel/plugin-transform-typescript': [ '7.28.0' ],
101 silly audit   '@babel/plugin-transform-unicode-regex': [ '7.27.1' ],
101 silly audit   '@babel/preset-react': [ '7.27.1' ],
101 silly audit   '@babel/preset-typescript': [ '7.27.1' ],
101 silly audit   '@babel/runtime': [ '7.28.4' ],
101 silly audit   '@babel/template': [ '7.27.2' ],
101 silly audit   '@babel/traverse': [ '7.28.4' ],
101 silly audit   '@babel/types': [ '7.28.4' ],
101 silly audit   '@expo/cli': [ '0.24.21' ],
101 silly audit   semver: [ '7.7.2', '6.3.1' ],
101 silly audit   '@expo/code-signing-certificates': [ '0.0.5' ],
101 silly audit   '@expo/config': [ '11.0.13' ],
101 silly audit   '@expo/config-plugins': [ '10.1.2' ],
101 silly audit   '@expo/config-types': [ '53.0.5' ],
101 silly audit   '@expo/devcert': [ '1.2.0' ],
101 silly audit   debug: [ '3.2.7', '2.6.9', '4.4.1' ],
101 silly audit   '@expo/env': [ '1.0.7' ],
101 silly audit   '@expo/fingerprint': [ '0.13.4' ],
101 silly audit   '@expo/image-utils': [ '0.7.6' ],
101 silly audit   '@expo/json-file': [ '9.1.5' ],
101 silly audit   '@expo/metro-config': [ '0.20.17' ],
101 silly audit   '@expo/osascript': [ '2.2.5' ],
101 silly audit   '@expo/package-manager': [ '1.8.6' ],
101 silly audit   '@expo/plist': [ '0.3.5' ],
101 silly audit   '@expo/prebuild-config': [ '9.0.11' ],
101 silly audit   '@expo/schema-utils': [ '0.1.0' ],
101 silly audit   '@expo/sdk-runtime-versions': [ '1.0.0' ],
101 silly audit   '@expo/spawn-async': [ '1.7.2' ],
101 silly audit   '@expo/sudo-prompt': [ '9.3.2' ],
101 silly audit   '@expo/vector-icons': [ '14.1.0' ],
101 silly audit   '@expo/ws-tunnel': [ '1.0.6' ],
101 silly audit   '@expo/xcpretty': [ '4.3.2' ],
101 silly audit   '@ide/backoff': [ '1.0.0' ],
101 silly audit   '@isaacs/cliui': [ '8.0.2' ],
101 silly audit   'wrap-ansi': [ '8.1.0', '7.0.0' ],
101 silly audit   '@isaacs/fs-minipass': [ '4.0.1' ],
101 silly audit   '@isaacs/ttlcache': [ '1.4.1' ],
101 silly audit   '@istanbuljs/load-nyc-config': [ '1.1.0' ],
101 silly audit   argparse: [ '1.0.10', '2.0.1' ],
101 silly audit   'find-up': [ '4.1.0', '5.0.0' ],
101 silly audit   'js-yaml': [ '3.14.1', '4.1.0' ],
101 silly audit   'locate-path': [ '5.0.0', '6.0.0' ],
101 silly audit   'p-limit': [ '2.3.0', '3.1.0' ],
101 silly audit   'p-locate': [ '4.1.0', '5.0.0' ],
101 silly audit   '@istanbuljs/schema': [ '0.1.3' ],
101 silly audit   '@jest/create-cache-key-function': [ '29.7.0' ],
101 silly audit   '@jest/environment': [ '29.7.0' ],
101 silly audit   '@jest/fake-timers': [ '29.7.0' ],
101 silly audit   '@jest/schemas': [ '29.6.3' ],
101 silly audit   '@jest/transform': [ '29.7.0' ],
101 silly audit   '@jest/types': [ '29.6.3' ],
101 silly audit   '@jridgewell/gen-mapping': [ '0.3.13' ],
101 silly audit   '@jridgewell/remapping': [ '2.3.5' ],
101 silly audit   '@jridgewell/resolve-uri': [ '3.1.2' ],
101 silly audit   '@jridgewell/source-map': [ '0.3.11' ],
101 silly audit   '@jridgewell/sourcemap-codec': [ '1.5.5' ],
101 silly audit   '@jridgewell/trace-mapping': [ '0.3.30' ],
101 silly audit   '@pkgjs/parseargs': [ '0.11.0' ],
101 silly audit   '@react-native-async-storage/async-storage': [ '2.1.2' ],
101 silly audit   '@react-native/assets-registry': [ '0.79.5' ],
101 silly audit   '@react-native/babel-plugin-codegen': [ '0.79.6' ],
101 silly audit   '@react-native/babel-preset': [ '0.79.6' ],
101 silly audit   '@react-native/codegen': [ '0.79.6', '0.79.5' ],
101 silly audit   'brace-expansion': [ '1.1.12', '2.0.2' ],
101 silly audit   glob: [ '7.2.3', '10.4.5' ],
101 silly audit   minimatch: [ '3.1.2', '9.0.5' ],
101 silly audit   '@react-native/community-cli-plugin': [ '0.79.5' ],
101 silly audit   '@react-native/debugger-frontend': [ '0.79.5', '0.79.6' ],
101 silly audit   '@react-native/dev-middleware': [ '0.79.5', '0.79.6' ],
101 silly audit   ms: [ '2.0.0', '2.1.3' ],
101 silly audit   ws: [ '6.2.3', '7.5.10', '8.18.3' ],
101 silly audit   '@react-native/gradle-plugin': [ '0.79.5' ],
101 silly audit   '@react-native/js-polyfills': [ '0.79.5' ],
101 silly audit   '@react-native/normalize-colors': [ '0.79.5' ],
101 silly audit   '@react-navigation/core': [ '7.12.4' ],
101 silly audit   'react-is': [ '19.1.1', '18.3.1' ],
101 silly audit   '@react-navigation/elements': [ '2.6.4' ],
101 silly audit   '@react-navigation/native': [ '7.1.17' ],
101 silly audit   '@react-navigation/native-stack': [ '7.3.26' ],
101 silly audit   '@react-navigation/routers': [ '7.5.1' ],
101 silly audit   '@sinclair/typebox': [ '0.27.8' ],
101 silly audit   '@sinonjs/commons': [ '3.0.1' ],
101 silly audit   '@sinonjs/fake-timers': [ '10.3.0' ],
101 silly audit   '@stripe/stripe-react-native': [ '0.45.0' ],
101 silly audit   '@tanstack/query-core': [ '5.87.1' ],
101 silly audit   '@tanstack/react-query': [ '5.87.1' ],
101 silly audit   '@types/babel__core': [ '7.20.5' ],
101 silly audit   '@types/babel__generator': [ '7.27.0' ],
101 silly audit   '@types/babel__template': [ '7.4.4' ],
101 silly audit   '@types/babel__traverse': [ '7.28.0' ],
101 silly audit   '@types/graceful-fs': [ '4.1.9' ],
101 silly audit   '@types/istanbul-lib-coverage': [ '2.0.6' ],
101 silly audit   '@types/istanbul-lib-report': [ '3.0.3' ],
101 silly audit   '@types/istanbul-reports': [ '3.0.4' ],
101 silly audit   '@types/node': [ '24.3.1' ],
101 silly audit   '@types/react': [ '19.0.14' ],
101 silly audit   '@types/stack-utils': [ '2.0.3' ],
101 silly audit   '@types/yargs': [ '17.0.33' ],
101 silly audit   '@types/yargs-parser': [ '21.0.3' ],
101 silly audit   '@urql/core': [ '5.2.0' ],
101 silly audit   '@urql/exchange-retry': [ '1.3.2' ],
101 silly audit   '@xmldom/xmldom': [ '0.8.11' ],
101 silly audit   'abort-controller': [ '3.0.0' ],
101 silly audit   accepts: [ '1.3.8' ],
101 silly audit   acorn: [ '8.15.0' ],
101 silly audit   'agent-base': [ '7.1.4' ],
101 silly audit   anser: [ '1.4.10' ],
101 silly audit   'ansi-escapes': [ '4.3.2' ],
101 silly audit   'type-fest': [ '0.21.3', '0.7.1' ],
101 silly audit   'ansi-regex': [ '5.0.1', '4.1.1', '6.2.0' ],
101 silly audit   'any-promise': [ '1.3.0' ],
101 silly audit   anymatch: [ '3.1.3' ],
101 silly audit   picomatch: [ '2.3.1', '3.0.1' ],
101 silly audit   arg: [ '5.0.2' ],
101 silly audit   asap: [ '2.0.6' ],
101 silly audit   assert: [ '2.1.0' ],
101 silly audit   'async-limiter': [ '1.0.1' ],
101 silly audit   'available-typed-arrays': [ '1.0.7' ],
101 silly audit   'babel-jest': [ '29.7.0' ],
101 silly audit   'babel-plugin-istanbul': [ '6.1.1' ],
101 silly audit   'babel-plugin-jest-hoist': [ '29.6.3' ],
101 silly audit   'babel-plugin-polyfill-corejs2': [ '0.4.14' ],
101 silly audit   'babel-plugin-polyfill-corejs3': [ '0.13.0' ],
101 silly audit   'babel-plugin-polyfill-regenerator': [ '0.6.5' ],
101 silly audit   'babel-plugin-react-native-web': [ '0.19.13' ],
101 silly audit   'babel-plugin-syntax-hermes-parser': [ '0.25.1' ],
101 silly audit   'babel-plugin-transform-flow-enums': [ '0.0.2' ],
101 silly audit   'babel-preset-current-node-syntax': [ '1.2.0' ],
101 silly audit   'babel-preset-expo': [ '13.2.4' ],
101 silly audit   'babel-preset-jest': [ '29.6.3' ],
101 silly audit   badgin: [ '1.2.3' ],
101 silly audit   'balanced-match': [ '1.0.2' ],
101 silly audit   'base64-js': [ '1.5.1' ],
101 silly audit   'better-opn': [ '3.0.2' ],
101 silly audit   open: [ '8.4.2', '7.4.2' ],
101 silly audit   'big-integer': [ '1.6.52' ],
101 silly audit   'bplist-creator': [ '0.1.0' ],
101 silly audit   'bplist-parser': [ '0.3.2', '0.3.1' ],
101 silly audit   braces: [ '3.0.3' ],
101 silly audit   browserslist: [ '4.25.4' ],
101 silly audit   bser: [ '2.1.1' ],
101 silly audit   buffer: [ '5.7.1' ],
101 silly audit   'buffer-from': [ '1.1.2' ],
101 silly audit   bytes: [ '3.1.2' ],
101 silly audit   'call-bind': [ '1.0.8' ],
101 silly audit   'call-bind-apply-helpers': [ '1.0.2' ],
101 silly audit   'call-bound': [ '1.0.4' ],
101 silly audit   'caller-callsite': [ '2.0.0' ],
101 silly audit   'caller-path': [ '2.0.0' ],
101 silly audit   callsites: [ '2.0.0' ],
101 silly audit   camelcase: [ '5.3.1', '6.3.0' ],
101 silly audit   'caniuse-lite': [ '1.0.30001741' ],
101 silly audit   chownr: [ '3.0.0' ],
101 silly audit   'chrome-launcher': [ '0.15.2' ],
101 silly audit   'chromium-edge-launcher': [ '0.2.0' ],
101 silly audit   'ci-info': [ '3.9.0', '2.0.0' ],
101 silly audit   'cli-cursor': [ '2.1.0' ],
101 silly audit   'cli-spinners': [ '2.9.2' ],
101 silly audit   cliui: [ '8.0.1' ],
101 silly audit   'emoji-regex': [ '8.0.0', '9.2.2' ],
101 silly audit   'string-width': [ '4.2.3', '5.1.2' ],
101 silly audit   'strip-ansi': [ '6.0.1', '5.2.0', '7.1.0' ],
101 silly audit   clone: [ '1.0.4' ],
101 silly audit   color: [ '4.2.3' ],
101 silly audit   'color-string': [ '1.9.1' ],
101 silly audit   commander: [ '7.2.0', '12.1.0', '4.1.1', '2.20.3' ],
101 silly audit   compressible: [ '2.0.18' ],
101 silly audit   compression: [ '1.8.1' ],
101 silly audit   negotiator: [ '0.6.4', '0.6.3' ],
101 silly audit   'concat-map': [ '0.0.1' ],
101 silly audit   connect: [ '3.7.0' ],
101 silly audit   'convert-source-map': [ '2.0.0' ],
101 silly audit   'core-js-compat': [ '3.45.1' ],
101 silly audit   cosmiconfig: [ '5.2.1' ],
101 silly audit   'cross-spawn': [ '7.0.6' ],
101 silly audit   'crypto-random-string': [ '2.0.0' ],
101 silly audit   csstype: [ '3.1.3' ],
101 silly audit   'decode-uri-component': [ '0.2.2' ],
101 silly audit   'deep-extend': [ '0.6.0' ],
101 silly audit   deepmerge: [ '4.3.1' ],
101 silly audit   defaults: [ '1.0.4' ],
101 silly audit   'define-data-property': [ '1.1.4' ],
101 silly audit   'define-lazy-prop': [ '2.0.0' ],
101 silly audit   'define-properties': [ '1.2.1' ],
101 silly audit   depd: [ '2.0.0' ],
101 silly audit   destroy: [ '1.2.0' ],
101 silly audit   'detect-libc': [ '1.0.3' ],
101 silly audit   dotenv: [ '16.4.7' ],
101 silly audit   'dotenv-expand': [ '11.0.7' ],
101 silly audit   'dunder-proto': [ '1.0.1' ],
101 silly audit   eastasianwidth: [ '0.2.0' ],
101 silly audit   'ee-first': [ '1.1.1' ],
101 silly audit   'electron-to-chromium': [ '1.5.214' ],
101 silly audit   encodeurl: [ '1.0.2', '2.0.0' ],
101 silly audit   'env-editor': [ '0.4.2' ],
101 silly audit   'error-ex': [ '1.3.2' ],
101 silly audit   'error-stack-parser': [ '2.1.4' ],
101 silly audit   'es-define-property': [ '1.0.1' ],
101 silly audit   'es-errors': [ '1.3.0' ],
101 silly audit   'es-object-atoms': [ '1.1.1' ],
101 silly audit   escalade: [ '3.2.0' ],
101 silly audit   'escape-html': [ '1.0.3' ],
101 silly audit   esprima: [ '4.0.1' ],
101 silly audit   etag: [ '1.8.1' ],
101 silly audit   'event-target-shim': [ '5.0.1' ],
101 silly audit   'exec-async': [ '2.2.0' ],
101 silly audit   expo: [ '53.0.22' ],
101 silly audit   'expo-application': [ '6.1.5' ],
101 silly audit   'expo-asset': [ '11.1.7' ],
101 silly audit   'expo-constants': [ '17.1.7' ],
101 silly audit   'expo-device': [ '7.1.4' ],
101 silly audit   'expo-file-system': [ '18.1.11' ],
101 silly audit   'expo-font': [ '13.3.2' ],
101 silly audit   'expo-keep-awake': [ '14.1.4' ],
101 silly audit   'expo-location': [ '18.1.6' ],
101 silly audit   'expo-modules-autolinking': [ '2.1.14' ],
101 silly audit   'expo-modules-core': [ '2.5.0' ],
101 silly audit   'expo-notifications': [ '0.31.4' ],
101 silly audit   'expo-secure-store': [ '14.2.4' ],
101 silly audit   'expo-status-bar': [ '2.2.3' ],
101 silly audit   'exponential-backoff': [ '3.1.2' ],
101 silly audit   'fast-deep-equal': [ '3.1.3' ],
101 silly audit   'fast-json-stable-stringify': [ '2.1.0' ],
101 silly audit   'fb-watchman': [ '2.0.2' ],
101 silly audit   'fill-range': [ '7.1.1' ],
101 silly audit   'filter-obj': [ '1.1.0' ],
101 silly audit   finalhandler: [ '1.1.2' ],
101 silly audit   'flow-enums-runtime': [ '0.0.6' ],
101 silly audit   fontfaceobserver: [ '2.3.0' ],
101 silly audit   'for-each': [ '0.3.5' ],
101 silly audit   'foreground-child': [ '3.3.1' ],
101 silly audit   'freeport-async': [ '2.0.0' ],
101 silly audit   fresh: [ '0.5.2' ],
101 silly audit   'fs.realpath': [ '1.0.0' ],
101 silly audit   fsevents: [ '2.3.3' ],
101 silly audit   'function-bind': [ '1.1.2' ],
101 silly audit   gensync: [ '1.0.0-beta.2' ],
101 silly audit   'get-caller-file': [ '2.0.5' ],
101 silly audit   'get-intrinsic': [ '1.3.0' ],
101 silly audit   'get-package-type': [ '0.1.0' ],
101 silly audit   'get-proto': [ '1.0.1' ],
101 silly audit   getenv: [ '2.0.0' ],
101 silly audit   gopd: [ '1.2.0' ],
101 silly audit   'graceful-fs': [ '4.2.11' ],
101 silly audit   'has-property-descriptors': [ '1.0.2' ],
101 silly audit   'has-symbols': [ '1.1.0' ],
101 silly audit   'has-tostringtag': [ '1.0.2' ],
101 silly audit   hasown: [ '2.0.2' ],
101 silly audit   'hermes-estree': [ '0.25.1', '0.29.1' ],
101 silly audit   'hermes-parser': [ '0.25.1', '0.29.1' ],
101 silly audit   'hosted-git-info': [ '7.0.2' ],
101 silly audit   'lru-cache': [ '10.4.3', '5.1.1' ],
101 silly audit   'http-errors': [ '2.0.0' ],
101 silly audit   statuses: [ '2.0.1', '1.5.0' ],
101 silly audit   'https-proxy-agent': [ '7.0.6' ],
101 silly audit   ieee754: [ '1.2.1' ],
101 silly audit   ignore: [ '5.3.2' ],
101 silly audit   'image-size': [ '1.2.1' ],
101 silly audit   'import-fresh': [ '2.0.0' ],
101 silly audit   'resolve-from': [ '3.0.0', '5.0.0' ],
101 silly audit   imurmurhash: [ '0.1.4' ],
101 silly audit   inflight: [ '1.0.6' ],
101 silly audit   inherits: [ '2.0.4' ],
101 silly audit   ini: [ '1.3.8' ],
101 silly audit   invariant: [ '2.2.4' ],
101 silly audit   'is-arguments': [ '1.2.0' ],
101 silly audit   'is-arrayish': [ '0.2.1', '0.3.2' ],
101 silly audit   'is-callable': [ '1.2.7' ],
101 silly audit   'is-core-module': [ '2.16.1' ],
101 silly audit   'is-directory': [ '0.3.1' ],
101 silly audit   'is-docker': [ '2.2.1' ],
101 silly audit   'is-fullwidth-code-point': [ '3.0.0' ],
101 silly audit   'is-generator-function': [ '1.1.0' ],
101 silly audit   'is-nan': [ '1.3.2' ],
101 silly audit   'is-number': [ '7.0.0' ],
101 silly audit   'is-plain-obj': [ '2.1.0' ],
101 silly audit   'is-regex': [ '1.2.1' ],
101 silly audit   'is-typed-array': [ '1.1.15' ],
101 silly audit   'is-wsl': [ '2.2.0' ],
101 silly audit   isexe: [ '2.0.0' ],
101 silly audit   'istanbul-lib-coverage': [ '3.2.2' ],
101 silly audit   'istanbul-lib-instrument': [ '5.2.1' ],
101 silly audit   jackspeak: [ '3.4.3' ],
101 silly audit   'jest-environment-node': [ '29.7.0' ],
101 silly audit   'jest-get-type': [ '29.6.3' ],
101 silly audit   'jest-haste-map': [ '29.7.0' ],
101 silly audit   'jest-message-util': [ '29.7.0' ],
101 silly audit   'jest-mock': [ '29.7.0' ],
101 silly audit   'jest-regex-util': [ '29.6.3' ],
101 silly audit   'jest-util': [ '29.7.0' ],
101 silly audit   'jest-validate': [ '29.7.0' ],
101 silly audit   'jest-worker': [ '29.7.0' ],
101 silly audit   'jimp-compact': [ '0.16.1' ],
101 silly audit   'js-tokens': [ '4.0.0' ],
101 silly audit   'jsc-safe-url': [ '0.2.4' ],
101 silly audit   jsesc: [ '3.1.0', '3.0.2' ],
101 silly audit   'json-parse-better-errors': [ '1.0.2' ],
101 silly audit   json5: [ '2.2.3' ],
101 silly audit   kleur: [ '3.0.3' ],
101 silly audit   'lan-network': [ '0.1.7' ],
101 silly audit   leven: [ '3.1.0' ],
101 silly audit   'lighthouse-logger': [ '1.4.2' ],
101 silly audit   lightningcss: [ '1.27.0' ],
101 silly audit   'lightningcss-darwin-arm64': [ '1.27.0' ],
101 silly audit   'lightningcss-darwin-x64': [ '1.27.0' ],
101 silly audit   'lightningcss-freebsd-x64': [ '1.27.0' ],
101 silly audit   'lightningcss-linux-arm-gnueabihf': [ '1.27.0' ],
101 silly audit   'lightningcss-linux-arm64-gnu': [ '1.27.0' ],
101 silly audit   'lightningcss-linux-arm64-musl': [ '1.27.0' ],
101 silly audit   'lightningcss-linux-x64-gnu': [ '1.27.0' ],
101 silly audit   'lightningcss-linux-x64-musl': [ '1.27.0' ],
101 silly audit   'lightningcss-win32-arm64-msvc': [ '1.27.0' ],
101 silly audit   'lightningcss-win32-x64-msvc': [ '1.27.0' ],
101 silly audit   'lines-and-columns': [ '1.2.4' ],
101 silly audit   'lodash.debounce': [ '4.0.8' ],
101 silly audit   'lodash.throttle': [ '4.1.1' ],
101 silly audit   'log-symbols': [ '2.2.0' ],
101 silly audit   'loose-envify': [ '1.4.0' ],
101 silly audit   makeerror: [ '1.0.12' ],
101 silly audit   marky: [ '1.3.0' ],
101 silly audit   'math-intrinsics': [ '1.1.0' ],
101 silly audit   'memoize-one': [ '5.2.1' ],
101 silly audit   'merge-options': [ '3.0.4' ],
101 silly audit   'merge-stream': [ '2.0.0' ],
101 silly audit   metro: [ '0.82.5' ],
101 silly audit   'metro-babel-transformer': [ '0.82.5' ],
101 silly audit   'metro-cache': [ '0.82.5' ],
101 silly audit   'metro-cache-key': [ '0.82.5' ],
101 silly audit   'metro-config': [ '0.82.5' ],
101 silly audit   'metro-core': [ '0.82.5' ],
101 silly audit   'metro-file-map': [ '0.82.5' ],
101 silly audit   'metro-minify-terser': [ '0.82.5' ],
101 silly audit   'metro-resolver': [ '0.82.5' ],
101 silly audit   'metro-runtime': [ '0.82.5' ],
101 silly audit   'metro-source-map': [ '0.82.5' ],
101 silly audit   'metro-symbolicate': [ '0.82.5' ],
101 silly audit   'metro-transform-plugins': [ '0.82.5' ],
101 silly audit   'metro-transform-worker': [ '0.82.5' ],
101 silly audit   micromatch: [ '4.0.8' ],
101 silly audit   mime: [ '1.6.0' ],
101 silly audit   'mime-db': [ '1.54.0', '1.52.0' ],
101 silly audit   'mime-types': [ '2.1.35' ],
101 silly audit   'mimic-fn': [ '1.2.0' ],
101 silly audit   minimist: [ '1.2.8' ],
101 silly audit   minipass: [ '7.1.2' ],
101 silly audit   minizlib: [ '3.0.2' ],
101 silly audit   mkdirp: [ '1.0.4', '3.0.1' ],
101 silly audit   mz: [ '2.7.0' ],
101 silly audit   nanoid: [ '3.3.11' ],
101 silly audit   'nested-error-stacks': [ '2.0.1' ],
101 silly audit   'node-forge': [ '1.3.1' ],
101 silly audit   'node-int64': [ '0.4.0' ],
101 silly audit   'node-releases': [ '2.0.19' ],
101 silly audit   'normalize-path': [ '3.0.0' ],
101 silly audit   'npm-package-arg': [ '11.0.3' ],
101 silly audit   nullthrows: [ '1.1.1' ],
101 silly audit   ob1: [ '0.82.5' ],
101 silly audit   'object-assign': [ '4.1.1' ],
101 silly audit   'object-is': [ '1.1.6' ],
101 silly audit   'object-keys': [ '1.1.1' ],
101 silly audit   'object.assign': [ '4.1.7' ],
101 silly audit   'on-finished': [ '2.3.0', '2.4.1' ],
101 silly audit   'on-headers': [ '1.1.0' ],
101 silly audit   once: [ '1.4.0' ],
101 silly audit   onetime: [ '2.0.1' ],
101 silly audit   ora: [ '3.4.0' ],
101 silly audit   'p-try': [ '2.2.0' ],
101 silly audit   'package-json-from-dist': [ '1.0.1' ],
101 silly audit   'parse-json': [ '4.0.0' ],
101 silly audit   'parse-png': [ '2.1.0' ],
101 silly audit   parseurl: [ '1.3.3' ],
101 silly audit   'path-exists': [ '4.0.0' ],
101 silly audit   'path-is-absolute': [ '1.0.1' ],
101 silly audit   'path-key': [ '3.1.1' ],
101 silly audit   'path-parse': [ '1.0.7' ],
101 silly audit   'path-scurry': [ '1.11.1' ],
101 silly audit   picocolors: [ '1.1.1' ],
101 silly audit   pirates: [ '4.0.7' ],
101 silly audit   plist: [ '3.1.0' ],
101 silly audit   pngjs: [ '3.4.0' ],
101 silly audit   'possible-typed-array-names': [ '1.1.0' ],
101 silly audit   postcss: [ '8.4.49' ],
101 silly audit   'pretty-bytes': [ '5.6.0' ],
101 silly audit   'pretty-format': [ '29.7.0' ],
101 silly audit   'proc-log': [ '4.2.0' ],
101 silly audit   progress: [ '2.0.3' ],
101 silly audit   promise: [ '8.3.0' ],
101 silly audit   prompts: [ '2.4.2' ],
101 silly audit   punycode: [ '2.3.1' ],
101 silly audit   'qrcode-terminal': [ '0.11.0' ],
101 silly audit   'query-string': [ '7.1.3' ],
101 silly audit   queue: [ '6.0.2' ],
101 silly audit   'range-parser': [ '1.2.1' ],
101 silly audit   rc: [ '1.2.8' ],
101 silly audit   react: [ '19.0.0' ],
101 silly audit   'react-devtools-core': [ '6.1.5' ],
101 silly audit   'react-freeze': [ '1.0.4' ],
101 silly audit   'react-native': [ '0.79.5' ],
101 silly audit   'react-native-edge-to-edge': [ '1.6.0' ],
101 silly audit   'react-native-is-edge-to-edge': [ '1.2.1', '1.1.7' ],
101 silly audit   'react-native-mmkv': [ '3.3.1' ],
101 silly audit   'react-native-reanimated': [ '3.17.5' ],
101 silly audit   'react-native-safe-area-context': [ '5.4.0' ],
101 silly audit   'react-native-screens': [ '4.11.1' ],
101 silly audit   '@react-native/virtualized-lists': [ '0.79.5' ],
101 silly audit   'react-refresh': [ '0.14.2' ],
101 silly audit   regenerate: [ '1.4.2' ],
101 silly audit   'regenerate-unicode-properties': [ '10.2.0' ],
101 silly audit   'regenerator-runtime': [ '0.13.11' ],
101 silly audit   'regexpu-core': [ '6.2.0' ],
101 silly audit   regjsgen: [ '0.8.0' ],
101 silly audit   regjsparser: [ '0.12.0' ],
101 silly audit   'require-directory': [ '2.1.1' ],
101 silly audit   'require-from-string': [ '2.0.2' ],
101 silly audit   requireg: [ '0.2.2' ],
101 silly audit   resolve: [ '1.7.1', '1.22.10' ],
101 silly audit   'resolve-workspace-root': [ '2.0.0' ],
101 silly audit   'resolve.exports': [ '2.0.3' ],
101 silly audit   'restore-cursor': [ '2.0.0' ],
101 silly audit   'signal-exit': [ '3.0.7', '4.1.0' ],
101 silly audit   rimraf: [ '3.0.2' ],
101 silly audit   'safe-buffer': [ '5.2.1' ],
101 silly audit   'safe-regex-test': [ '1.1.0' ],
101 silly audit   sax: [ '1.4.1' ],
101 silly audit   scheduler: [ '0.25.0' ],
101 silly audit   send: [ '0.19.1', '0.19.0' ],
101 silly audit   'serialize-error': [ '2.1.0' ],
101 silly audit   'serve-static': [ '1.16.2' ],
101 silly audit   'set-function-length': [ '1.2.2' ],
101 silly audit   setprototypeof: [ '1.2.0' ],
101 silly audit   'shebang-command': [ '2.0.0' ],
101 silly audit   'shebang-regex': [ '3.0.0' ],
101 silly audit   'shell-quote': [ '1.8.3' ],
101 silly audit   'simple-plist': [ '1.3.1' ],
101 silly audit   'simple-swizzle': [ '0.2.2' ],
101 silly audit   sisteransi: [ '1.0.5' ],
101 silly audit   slash: [ '3.0.0' ],
101 silly audit   slugify: [ '1.6.6' ],
101 silly audit   'source-map': [ '0.5.7', '0.6.1' ],
101 silly audit   'source-map-js': [ '1.2.1' ],
101 silly audit   'source-map-support': [ '0.5.21' ],
101 silly audit   'split-on-first': [ '1.1.0' ],
101 silly audit   'sprintf-js': [ '1.0.3' ],
101 silly audit   'stack-utils': [ '2.0.6' ],
101 silly audit   stackframe: [ '1.3.4' ],
101 silly audit   'stacktrace-parser': [ '0.1.11' ],
101 silly audit   'stream-buffers': [ '2.2.0' ],
101 silly audit   'strict-uri-encode': [ '2.0.0' ],
101 silly audit   'strip-json-comments': [ '2.0.1' ],
101 silly audit   'structured-headers': [ '0.4.1' ],
101 silly audit   sucrase: [ '3.35.0' ],
101 silly audit   'supports-hyperlinks': [ '2.3.0' ],
101 silly audit   'supports-preserve-symlinks-flag': [ '1.0.0' ],
101 silly audit   tar: [ '7.4.3' ],
101 silly audit   yallist: [ '5.0.0', '3.1.1' ],
101 silly audit   'temp-dir': [ '2.0.0' ],
101 silly audit   'terminal-link': [ '2.1.1' ],
101 silly audit   terser: [ '5.44.0' ],
101 silly audit   'test-exclude': [ '6.0.0' ],
101 silly audit   thenify: [ '3.3.1' ],
101 silly audit   'thenify-all': [ '1.6.0' ],
101 silly audit   throat: [ '5.0.0' ],
101 silly audit   tmpl: [ '1.0.5' ],
101 silly audit   'to-regex-range': [ '5.0.1' ],
101 silly audit   toidentifier: [ '1.0.1' ],
101 silly audit   'ts-interface-checker': [ '0.1.13' ],
101 silly audit   'type-detect': [ '4.0.8' ],
101 silly audit   typescript: [ '5.8.3' ],
101 silly audit   'ua-parser-js': [ '0.7.41' ],
101 silly audit   undici: [ '6.21.3' ],
101 silly audit   'undici-types': [ '7.10.0' ],
101 silly audit   'unicode-canonical-property-names-ecmascript': [ '2.0.1' ],
101 silly audit   'unicode-match-property-ecmascript': [ '2.0.0' ],
101 silly audit   'unicode-match-property-value-ecmascript': [ '2.2.0' ],
101 silly audit   'unicode-property-aliases-ecmascript': [ '2.1.0' ],
101 silly audit   'unique-string': [ '2.0.0' ],
101 silly audit   unpipe: [ '1.0.0' ],
101 silly audit   'update-browserslist-db': [ '1.1.3' ],
101 silly audit   'use-latest-callback': [ '0.2.4' ],
101 silly audit   'use-sync-external-store': [ '1.5.0' ],
101 silly audit   util: [ '0.12.5' ],
101 silly audit   'utils-merge': [ '1.0.1' ],
101 silly audit   uuid: [ '7.0.3' ],
101 silly audit   'validate-npm-package-name': [ '5.0.1' ],
101 silly audit   vary: [ '1.1.2' ],
101 silly audit   vlq: [ '1.0.1' ],
101 silly audit   walker: [ '1.0.8' ],
101 silly audit   'warn-once': [ '0.1.1' ],
101 silly audit   wcwidth: [ '1.0.1' ],
101 silly audit   'webidl-conversions': [ '5.0.0', '3.0.1' ],
101 silly audit   'whatwg-fetch': [ '3.6.20' ],
101 silly audit   'whatwg-url-without-unicode': [ '8.0.0-3' ],
101 silly audit   which: [ '2.0.2' ],
101 silly audit   'which-typed-array': [ '1.1.19' ],
101 silly audit   wonka: [ '6.3.5' ],
101 silly audit   wrappy: [ '1.0.2' ],
101 silly audit   'write-file-atomic': [ '4.0.2' ],
101 silly audit   xcode: [ '3.0.1' ],
101 silly audit   xml2js: [ '0.6.0' ],
101 silly audit   xmlbuilder: [ '11.0.1', '15.1.1' ],
101 silly audit   y18n: [ '5.0.8' ],
101 silly audit   yargs: [ '17.7.2' ],
101 silly audit   'yargs-parser': [ '21.1.1' ],
101 silly audit   'yocto-queue': [ '0.1.0' ],
101 silly audit   '@supabase/supabase-js': [ '2.57.2' ],
101 silly audit   'react-native-url-polyfill': [ '2.0.0' ],
101 silly audit   '@supabase/auth-js': [ '2.71.1' ],
101 silly audit   '@supabase/functions-js': [ '2.4.5' ],
101 silly audit   '@supabase/node-fetch': [ '2.6.15' ],
101 silly audit   '@supabase/postgrest-js': [ '1.21.3' ],
101 silly audit   '@supabase/realtime-js': [ '2.15.5' ],
101 silly audit   '@supabase/storage-js': [ '2.11.1' ],
101 silly audit   'whatwg-url': [ '5.0.0' ],
101 silly audit   '@types/phoenix': [ '1.6.6' ],
101 silly audit   '@types/ws': [ '8.18.1' ],
101 silly audit   tr46: [ '0.0.3' ]
101 silly audit }
102 verbose reify failed optional dependency /Users/jorgensjovang/App/commitment-contract/node_modules/lightningcss-win32-x64-msvc
103 silly reify mark deleted [
103 silly reify   '/Users/jorgensjovang/App/commitment-contract/node_modules/lightningcss-win32-x64-msvc'
103 silly reify ]
104 verbose reify failed optional dependency /Users/jorgensjovang/App/commitment-contract/node_modules/lightningcss-win32-arm64-msvc
105 silly reify mark deleted [
105 silly reify   '/Users/jorgensjovang/App/commitment-contract/node_modules/lightningcss-win32-arm64-msvc'
105 silly reify ]
106 verbose reify failed optional dependency /Users/jorgensjovang/App/commitment-contract/node_modules/lightningcss-linux-x64-musl
107 silly reify mark deleted [
107 silly reify   '/Users/jorgensjovang/App/commitment-contract/node_modules/lightningcss-linux-x64-musl'
107 silly reify ]
108 verbose reify failed optional dependency /Users/jorgensjovang/App/commitment-contract/node_modules/lightningcss-linux-x64-gnu
109 silly reify mark deleted [
109 silly reify   '/Users/jorgensjovang/App/commitment-contract/node_modules/lightningcss-linux-x64-gnu'
109 silly reify ]
110 verbose reify failed optional dependency /Users/jorgensjovang/App/commitment-contract/node_modules/lightningcss-linux-arm64-musl
111 silly reify mark deleted [
111 silly reify   '/Users/jorgensjovang/App/commitment-contract/node_modules/lightningcss-linux-arm64-musl'
111 silly reify ]
112 verbose reify failed optional dependency /Users/jorgensjovang/App/commitment-contract/node_modules/lightningcss-linux-arm64-gnu
113 silly reify mark deleted [
113 silly reify   '/Users/jorgensjovang/App/commitment-contract/node_modules/lightningcss-linux-arm64-gnu'
113 silly reify ]
114 verbose reify failed optional dependency /Users/jorgensjovang/App/commitment-contract/node_modules/lightningcss-linux-arm-gnueabihf
115 silly reify mark deleted [
115 silly reify   '/Users/jorgensjovang/App/commitment-contract/node_modules/lightningcss-linux-arm-gnueabihf'
115 silly reify ]
116 verbose reify failed optional dependency /Users/jorgensjovang/App/commitment-contract/node_modules/lightningcss-freebsd-x64
117 silly reify mark deleted [
117 silly reify   '/Users/jorgensjovang/App/commitment-contract/node_modules/lightningcss-freebsd-x64'
117 silly reify ]
118 verbose reify failed optional dependency /Users/jorgensjovang/App/commitment-contract/node_modules/lightningcss-darwin-x64
119 silly reify mark deleted [
119 silly reify   '/Users/jorgensjovang/App/commitment-contract/node_modules/lightningcss-darwin-x64'
119 silly reify ]
120 http cache @types/ws@https://registry.npmjs.org/@types/ws/-/ws-8.18.1.tgz 0ms (cache hit)
121 http cache tr46@https://registry.npmjs.org/tr46/-/tr46-0.0.3.tgz 0ms (cache hit)
122 http cache whatwg-url@https://registry.npmjs.org/whatwg-url/-/whatwg-url-5.0.0.tgz 0ms (cache hit)
123 http cache @supabase/storage-js@https://registry.npmjs.org/@supabase/storage-js/-/storage-js-2.11.1.tgz 0ms (cache hit)
124 http cache @types/phoenix@https://registry.npmjs.org/@types/phoenix/-/phoenix-1.6.6.tgz 0ms (cache hit)
125 http cache @supabase/postgrest-js@https://registry.npmjs.org/@supabase/postgrest-js/-/postgrest-js-1.21.3.tgz 0ms (cache hit)
126 http cache @supabase/realtime-js@https://registry.npmjs.org/@supabase/realtime-js/-/realtime-js-2.15.5.tgz 0ms (cache hit)
127 http cache @supabase/node-fetch@https://registry.npmjs.org/@supabase/node-fetch/-/node-fetch-2.6.15.tgz 0ms (cache hit)
128 http cache @supabase/functions-js@https://registry.npmjs.org/@supabase/functions-js/-/functions-js-2.4.5.tgz 0ms (cache hit)
129 http cache @supabase/auth-js@https://registry.npmjs.org/@supabase/auth-js/-/auth-js-2.71.1.tgz 0ms (cache hit)
130 http cache react-native-url-polyfill@https://registry.npmjs.org/react-native-url-polyfill/-/react-native-url-polyfill-2.0.0.tgz 0ms (cache hit)
131 http cache @supabase/supabase-js@https://registry.npmjs.org/@supabase/supabase-js/-/supabase-js-2.57.2.tgz 0ms (cache hit)
132 http cache webidl-conversions@https://registry.npmjs.org/webidl-conversions/-/webidl-conversions-3.0.1.tgz 0ms (cache hit)
133 silly tarball no local data for @types/ws@https://registry.npmjs.org/@types/ws/-/ws-8.18.1.tgz. Extracting by manifest.
134 silly tarball no local data for tr46@https://registry.npmjs.org/tr46/-/tr46-0.0.3.tgz. Extracting by manifest.
135 silly tarball no local data for whatwg-url@https://registry.npmjs.org/whatwg-url/-/whatwg-url-5.0.0.tgz. Extracting by manifest.
136 silly tarball no local data for @supabase/storage-js@https://registry.npmjs.org/@supabase/storage-js/-/storage-js-2.11.1.tgz. Extracting by manifest.
137 silly tarball no local data for @types/phoenix@https://registry.npmjs.org/@types/phoenix/-/phoenix-1.6.6.tgz. Extracting by manifest.
138 silly tarball no local data for @supabase/postgrest-js@https://registry.npmjs.org/@supabase/postgrest-js/-/postgrest-js-1.21.3.tgz. Extracting by manifest.
139 silly tarball no local data for @supabase/realtime-js@https://registry.npmjs.org/@supabase/realtime-js/-/realtime-js-2.15.5.tgz. Extracting by manifest.
140 silly tarball no local data for @supabase/node-fetch@https://registry.npmjs.org/@supabase/node-fetch/-/node-fetch-2.6.15.tgz. Extracting by manifest.
141 silly tarball no local data for @supabase/functions-js@https://registry.npmjs.org/@supabase/functions-js/-/functions-js-2.4.5.tgz. Extracting by manifest.
142 silly tarball no local data for @supabase/auth-js@https://registry.npmjs.org/@supabase/auth-js/-/auth-js-2.71.1.tgz. Extracting by manifest.
143 silly tarball no local data for react-native-url-polyfill@https://registry.npmjs.org/react-native-url-polyfill/-/react-native-url-polyfill-2.0.0.tgz. Extracting by manifest.
144 silly tarball no local data for @supabase/supabase-js@https://registry.npmjs.org/@supabase/supabase-js/-/supabase-js-2.57.2.tgz. Extracting by manifest.
145 silly tarball no local data for webidl-conversions@https://registry.npmjs.org/webidl-conversions/-/webidl-conversions-3.0.1.tgz. Extracting by manifest.
146 http fetch GET 200 https://registry.npmjs.org/whatwg-url/-/whatwg-url-5.0.0.tgz 40ms (cache miss)
147 http fetch GET 200 https://registry.npmjs.org/tr46/-/tr46-0.0.3.tgz 40ms (cache miss)
148 http fetch GET 200 https://registry.npmjs.org/@types/ws/-/ws-8.18.1.tgz 66ms (cache miss)
149 http fetch GET 200 https://registry.npmjs.org/react-native-url-polyfill/-/react-native-url-polyfill-2.0.0.tgz 71ms (cache miss)
150 http fetch GET 200 https://registry.npmjs.org/webidl-conversions/-/webidl-conversions-3.0.1.tgz 74ms (cache miss)
151 http fetch GET 200 https://registry.npmjs.org/@types/phoenix/-/phoenix-1.6.6.tgz 88ms (cache miss)
152 http fetch GET 200 https://registry.npmjs.org/@supabase/node-fetch/-/node-fetch-2.6.15.tgz 95ms (cache miss)
153 http fetch GET 200 https://registry.npmjs.org/@supabase/postgrest-js/-/postgrest-js-1.21.3.tgz 97ms (cache miss)
154 http fetch GET 200 https://registry.npmjs.org/@supabase/functions-js/-/functions-js-2.4.5.tgz 116ms (cache miss)
155 http fetch GET 200 https://registry.npmjs.org/@supabase/supabase-js/-/supabase-js-2.57.2.tgz 118ms (cache miss)
156 http fetch GET 200 https://registry.npmjs.org/@supabase/storage-js/-/storage-js-2.11.1.tgz 139ms (cache miss)
157 http fetch GET 200 https://registry.npmjs.org/@supabase/auth-js/-/auth-js-2.71.1.tgz 139ms (cache miss)
158 http fetch GET 200 https://registry.npmjs.org/@supabase/realtime-js/-/realtime-js-2.15.5.tgz 201ms (cache miss)
159 http fetch POST 200 https://registry.npmjs.org/-/npm/v1/security/advisories/bulk 264ms
160 silly audit report {}
161 verbose cwd /Users/jorgensjovang/App/commitment-contract
162 verbose os Darwin 24.6.0
163 verbose node v22.19.0
164 verbose npm  v10.9.3
165 verbose exit 0
166 info ok
